[ 2017-05-26T07:53:38+08:00 ] ::1 /forum-system/index.php/Forum/MainPost/images/logo.png
INFO: [ app_init ] --START--
INFO: Run Behavior\BuildLiteBehavior [ RunTime:0.000046s ]
INFO: [ app_init ] --END-- [ RunTime:0.000874s ]

[ 2017-05-26T07:53:39+08:00 ] ::1 /forum-system/index.php/Forum/MainPost/images/1.jpg
INFO: [ app_init ] --START--
INFO: Run Behavior\BuildLiteBehavior [ RunTime:0.000051s ]
INFO: [ app_init ] --END-- [ RunTime:0.000893s ]

[ 2017-05-26T07:53:39+08:00 ] ::1 /forum-system/index.php/Forum/MainPost/images/2.jpg
INFO: [ app_init ] --START--
INFO: Run Behavior\BuildLiteBehavior [ RunTime:0.000047s ]
INFO: [ app_init ] --END-- [ RunTime:0.000883s ]

[ 2017-05-26T07:53:39+08:00 ] ::1 /forum-system/index.php/Forum/MainPost/images/3.jpg
INFO: [ app_init ] --START--
INFO: Run Behavior\BuildLiteBehavior [ RunTime:0.000050s ]
INFO: [ app_init ] --END-- [ RunTime:0.000785s ]

[ 2017-05-26T07:53:39+08:00 ] ::1 /forum-system/index.php/Forum/MainPost/images/4.jpg
INFO: [ app_init ] --START--
INFO: Run Behavior\BuildLiteBehavior [ RunTime:0.000051s ]
INFO: [ app_init ] --END-- [ RunTime:0.000834s ]

[ 2017-05-26T07:53:39+08:00 ] ::1 /forum-system/index.php/Forum/MainPost/images/5.jpg
INFO: [ app_init ] --START--
INFO: Run Behavior\BuildLiteBehavior [ RunTime:0.000051s ]
INFO: [ app_init ] --END-- [ RunTime:0.000915s ]

[ 2017-05-26T07:53:39+08:00 ] ::1 /forum-system/index.php/Forum/MainPost/images/6.jpg
INFO: [ app_init ] --START--
INFO: Run Behavior\BuildLiteBehavior [ RunTime:0.000051s ]
INFO: [ app_init ] --END-- [ RunTime:0.000981s ]

[ 2017-05-26T07:53:39+08:00 ] ::1 /forum-system/index.php/Forum/MainPost/images/1c.jpg
INFO: [ app_init ] --START--
INFO: Run Behavior\BuildLiteBehavior [ RunTime:0.000034s ]
INFO: [ app_init ] --END-- [ RunTime:0.000625s ]

[ 2017-05-26T07:53:39+08:00 ] ::1 /forum-system/index.php/Forum/MainPost/images/2c.jpg
INFO: [ app_init ] --START--
INFO: Run Behavior\BuildLiteBehavior [ RunTime:0.000030s ]
INFO: [ app_init ] --END-- [ RunTime:0.000579s ]

[ 2017-05-26T07:53:39+08:00 ] ::1 /forum-system/index.php/Forum/MainPost/images/3c.jpg
INFO: [ app_init ] --START--
INFO: Run Behavior\BuildLiteBehavior [ RunTime:0.000169s ]
INFO: [ app_init ] --END-- [ RunTime:0.001154s ]

[ 2017-05-26T07:53:39+08:00 ] ::1 /forum-system/index.php/Forum/MainPost/images/4c.jpg
INFO: [ app_init ] --START--
INFO: Run Behavior\BuildLiteBehavior [ RunTime:0.000060s ]
INFO: [ app_init ] --END-- [ RunTime:0.000844s ]

[ 2017-05-26T07:53:39+08:00 ] ::1 /forum-system/index.php/Forum/MainPost/images/5c.jpg
INFO: [ app_init ] --START--
INFO: Run Behavior\BuildLiteBehavior [ RunTime:0.000056s ]
INFO: [ app_init ] --END-- [ RunTime:0.000719s ]

[ 2017-05-26T07:53:39+08:00 ] ::1 /forum-system/index.php/Forum/MainPost/images/6c.jpg
INFO: [ app_init ] --START--
INFO: Run Behavior\BuildLiteBehavior [ RunTime:0.000059s ]
INFO: [ app_init ] --END-- [ RunTime:0.000858s ]

[ 2017-05-26T07:53:39+08:00 ] ::1 /forum-system/index.php/Forum/MainPost/images/b1.jpg
INFO: [ app_init ] --START--
INFO: Run Behavior\BuildLiteBehavior [ RunTime:0.000055s ]
INFO: [ app_init ] --END-- [ RunTime:0.001005s ]

[ 2017-05-26T07:53:39+08:00 ] ::1 /forum-system/index.php/Forum/MainPost/images/b5.jpg
INFO: [ app_init ] --START--
INFO: Run Behavior\BuildLiteBehavior [ RunTime:0.000122s ]
INFO: [ app_init ] --END-- [ RunTime:0.001261s ]

[ 2017-05-26T07:53:39+08:00 ] ::1 /forum-system/index.php/Forum/MainPost/images/b2.jpg
INFO: [ app_init ] --START--
INFO: Run Behavior\BuildLiteBehavior [ RunTime:0.000069s ]
INFO: [ app_init ] --END-- [ RunTime:0.000776s ]

[ 2017-05-26T07:53:39+08:00 ] ::1 /forum-system/index.php/Forum/MainPost/images/b3.jpg
INFO: [ app_init ] --START--
INFO: Run Behavior\BuildLiteBehavior [ RunTime:0.000045s ]
INFO: [ app_init ] --END-- [ RunTime:0.000974s ]

[ 2017-05-26T07:53:39+08:00 ] ::1 /forum-system/index.php/Forum/MainPost/images/b4.jpg
INFO: [ app_init ] --START--
INFO: Run Behavior\BuildLiteBehavior [ RunTime:0.000055s ]
INFO: [ app_init ] --END-- [ RunTime:0.000869s ]

[ 2017-05-26T07:53:39+08:00 ] ::1 /forum-system/index.php/Forum/MainPost/images/2.jpg
INFO: [ app_init ] --START--
INFO: Run Behavior\BuildLiteBehavior [ RunTime:0.000053s ]
INFO: [ app_init ] --END-- [ RunTime:0.000721s ]

[ 2017-05-26T07:53:39+08:00 ] ::1 /forum-system/index.php/Forum/MainPost/images/3.jpg
INFO: [ app_init ] --START--
INFO: Run Behavior\BuildLiteBehavior [ RunTime:0.000046s ]
INFO: [ app_init ] --END-- [ RunTime:0.000727s ]

[ 2017-05-26T07:53:39+08:00 ] ::1 /forum-system/index.php/Forum/MainPost/images/1.jpg
INFO: [ app_init ] --START--
INFO: Run Behavior\BuildLiteBehavior [ RunTime:0.001025s ]
INFO: [ app_init ] --END-- [ RunTime:0.001946s ]

[ 2017-05-26T07:53:39+08:00 ] ::1 /forum-system/index.php/Forum/MainPost/images/b6.jpg
INFO: [ app_init ] --START--
INFO: Run Behavior\BuildLiteBehavior [ RunTime:0.000056s ]
INFO: [ app_init ] --END-- [ RunTime:0.001094s ]

[ 2017-05-26T07:53:39+08:00 ] ::1 /forum-system/index.php/Forum/MainPost/images/logo.png
INFO: [ app_init ] --START--
INFO: Run Behavior\BuildLiteBehavior [ RunTime:0.000043s ]
INFO: [ app_init ] --END-- [ RunTime:0.000668s ]

[ 2017-05-26T07:53:39+08:00 ] ::1 /forum-system/index.php/Forum/MainPost/images/4.jpg
INFO: [ app_init ] --START--
INFO: Run Behavior\BuildLiteBehavior [ RunTime:0.000050s ]
INFO: [ app_init ] --END-- [ RunTime:0.000754s ]

[ 2017-05-26T07:53:39+08:00 ] ::1 /forum-system/index.php/Forum/MainPost/images/p1.jpg
INFO: [ app_init ] --START--
INFO: Run Behavior\BuildLiteBehavior [ RunTime:0.000062s ]
INFO: [ app_init ] --END-- [ RunTime:0.000779s ]

[ 2017-05-26T07:53:39+08:00 ] ::1 /forum-system/index.php/Forum/MainPost/images/2c.jpg
INFO: [ app_init ] --START--
INFO: Run Behavior\BuildLiteBehavior [ RunTime:0.000051s ]
INFO: [ app_init ] --END-- [ RunTime:0.000748s ]

[ 2017-05-26T07:53:39+08:00 ] ::1 /forum-system/index.php/Forum/MainPost/images/3c.jpg
INFO: [ app_init ] --START--
INFO: Run Behavior\BuildLiteBehavior [ RunTime:0.000050s ]
INFO: [ app_init ] --END-- [ RunTime:0.000760s ]

[ 2017-05-26T07:53:39+08:00 ] ::1 /forum-system/index.php/Forum/MainPost/images/p3.jpg
INFO: [ app_init ] --START--
INFO: Run Behavior\BuildLiteBehavior [ RunTime:0.000049s ]
INFO: [ app_init ] --END-- [ RunTime:0.000787s ]

[ 2017-05-26T07:53:39+08:00 ] ::1 /forum-system/index.php/Forum/MainPost/images/p2.jpg
INFO: [ app_init ] --START--
INFO: Run Behavior\BuildLiteBehavior [ RunTime:0.000061s ]
INFO: [ app_init ] --END-- [ RunTime:0.000811s ]

[ 2017-05-26T07:53:39+08:00 ] ::1 /forum-system/index.php/Forum/MainPost/images/5.jpg
INFO: [ app_init ] --START--
INFO: Run Behavior\BuildLiteBehavior [ RunTime:0.000052s ]
INFO: [ app_init ] --END-- [ RunTime:0.000782s ]

[ 2017-05-26T07:53:39+08:00 ] ::1 /forum-system/index.php/Forum/MainPost/images/f-logo.png
INFO: [ app_init ] --START--
INFO: Run Behavior\BuildLiteBehavior [ RunTime:0.000052s ]
INFO: [ app_init ] --END-- [ RunTime:0.001117s ]

[ 2017-05-26T07:54:00+08:00 ] ::1 /forum-system/index.php/Forum/MainPost/images/logo.png
INFO: [ app_init ] --START--
INFO: Run Behavior\BuildLiteBehavior [ RunTime:0.000295s ]
INFO: [ app_init ] --END-- [ RunTime:0.002064s ]

[ 2017-05-26T07:54:00+08:00 ] ::1 /forum-system/index.php/Forum/MainPost/images/1.jpg
INFO: [ app_init ] --START--
INFO: Run Behavior\BuildLiteBehavior [ RunTime:0.000049s ]
INFO: [ app_init ] --END-- [ RunTime:0.000885s ]

[ 2017-05-26T07:54:00+08:00 ] ::1 /forum-system/index.php/Forum/MainPost/images/2.jpg
INFO: [ app_init ] --START--
INFO: Run Behavior\BuildLiteBehavior [ RunTime:0.000047s ]
INFO: [ app_init ] --END-- [ RunTime:0.000733s ]

[ 2017-05-26T07:54:00+08:00 ] ::1 /forum-system/index.php/Forum/MainPost/images/3.jpg
INFO: [ app_init ] --START--
INFO: Run Behavior\BuildLiteBehavior [ RunTime:0.000031s ]
INFO: [ app_init ] --END-- [ RunTime:0.000485s ]

[ 2017-05-26T07:54:00+08:00 ] ::1 /forum-system/index.php/Forum/MainPost/images/4.jpg
INFO: [ app_init ] --START--
INFO: Run Behavior\BuildLiteBehavior [ RunTime:0.000032s ]
INFO: [ app_init ] --END-- [ RunTime:0.000613s ]

[ 2017-05-26T07:54:00+08:00 ] ::1 /forum-system/index.php/Forum/MainPost/images/2c.jpg
INFO: [ app_init ] --START--
INFO: Run Behavior\BuildLiteBehavior [ RunTime:0.000054s ]
INFO: [ app_init ] --END-- [ RunTime:0.000904s ]

 2017-05-26T07:54:00+08:00 ] ::1 /forum-system/index.php/Forum/MainPost/images/1c.jpg
INFO: [ app_init ] --START--
INFO: Run Behavior\BuildLiteBehavior [ RunTime:0.000056s ]
INFO: [ app_init ] --END-- [ RunTime:0.000805s ]

[ 2017-05-26T07:54:00+08:00 ] ::1 /forum-system/index.php/Forum/MainPost/images/4c.jpg
INFO: [ app_init ] --START--
INFO: Run Behavior\BuildLiteBehavior [ RunTime:0.000053s ]
INFO: [ app_init ] --END-- [ RunTime:0.000698s ]

[ 2017-05-26T07:54:00+08:00 ] ::1 /forum-system/index.php/Forum/MainPost/images/logo.png
INFO: [ app_init ] --START--
INFO: Run Behavior\BuildLiteBehavior [ RunTime:0.000047s ]
INFO: [ app_init ] --END-- [ RunTime:0.000716s ]

[ 2017-05-26T07:54:00+08:00 ] ::1 /forum-system/index.php/Forum/MainPost/images/5c.jpg
INFO: [ app_init ] --START--
INFO: Run Behavior\BuildLiteBehavior [ RunTime:0.000060s ]
INFO: [ app_init ] --END-- [ RunTime:0.000832s ]

[ 2017-05-26T07:54:00+08:00 ] ::1 /forum-system/index.php/Forum/MainPost/images/6c.jpg
INFO: [ app_init ] --START--
INFO: Run Behavior\BuildLiteBehavior [ RunTime:0.000057s ]
INFO: [ app_init ] --END-- [ RunTime:0.000851s ]

[ 2017-05-26T07:54:00+08:00 ] ::1 /forum-system/index.php/Forum/MainPost/images/3.jpg
INFO: [ app_init ] --START--
INFO: Run Behavior\BuildLiteBehavior [ RunTime:0.000073s ]
INFO: [ app_init ] --END-- [ RunTime:0.001249s ]

[ 2017-05-26T07:54:00+08:00 ] ::1 /forum-system/index.php/Forum/MainPost/images/b5.jpg
INFO: [ app_init ] --START--
INFO: Run Behavior\BuildLiteBehavior [ RunTime:0.000058s ]
INFO: [ app_init ] --END-- [ RunTime:0.000811s ]

[ 2017-05-26T07:54:00+08:00 ] ::1 /forum-system/index.php/Forum/MainPost/images/b2.jpg
INFO: [ app_init ] --START--
INFO: Run Behavior\BuildLiteBehavior [ RunTime:0.000052s ]
INFO: [ app_init ] --END-- [ RunTime:0.000790s ]

[ 2017-05-26T07:54:00+08:00 ] ::1 /forum-system/index.php/Forum/MainPost/images/1.jpg
INFO: [ app_init ] --START--
INFO: Run Behavior\BuildLiteBehavior [ RunTime:0.000056s ]
INFO: [ app_init ] --END-- [ RunTime:0.000888s ]

[ 2017-05-26T07:54:00+08:00 ] ::1 /forum-system/index.php/Forum/MainPost/images/p1.jpg
INFO: [ app_init ] --START--
INFO: Run Behavior\BuildLiteBehavior [ RunTime:0.000056s ]
INFO: [ app_init ] --END-- [ RunTime:0.000823s ]

[ 2017-05-26T07:54:00+08:00 ] ::1 /forum-system/index.php/Forum/MainPost/images/p2.jpg
INFO: [ app_init ] --START--
INFO: Run Behavior\BuildLiteBehavior [ RunTime:0.000055s ]
INFO: [ app_init ] --END-- [ RunTime:0.000836s ]

[ 2017-05-26T07:54:00+08:00 ] ::1 /forum-system/index.php/Forum/MainPost/images/p3.jpg
INFO: [ app_init ] --START--
INFO: Run Behavior\BuildLiteBehavior [ RunTime:0.000047s ]
INFO: [ app_init ] --END-- [ RunTime:0.000733s ]

[ 2017-05-26T07:54:00+08:00 ] ::1 /forum-system/index.php/Forum/MainPost/images/f-logo.png
INFO: [ app_init ] --START--
INFO: Run Behavior\BuildLiteBehavior [ RunTime:0.000059s ]
INFO: [ app_init ] --END-- [ RunTime:0.000796s ]

[ 2017-05-26T07:54:00+08:00 ] ::1 /forum-system/index.php/Forum/MainPost/images/b4.jpg
INFO: [ app_init ] --START--
INFO: Run Behavior\BuildLiteBehavior [ RunTime:0.000050s ]
INFO: [ app_init ] --END-- [ RunTime:0.001071s ]

[ 2017-05-26T07:54:00+08:00 ] ::1 /forum-system/index.php/Forum/MainPost/images/b3.jpg
INFO: [ app_init ] --START--
INFO: Run Behavior\BuildLiteBehavior [ RunTime:0.000049s ]
INFO: [ app_init ] --END-- [ RunTime:0.000760s ]

[ 2017-05-26T07:54:00+08:00 ] ::1 /forum-system/index.php/Forum/MainPost/images/b6.jpg
INFO: [ app_init ] --START--
INFO: Run Behavior\BuildLiteBehavior [ RunTime:0.000094s ]
INFO: [ app_init ] --END-- [ RunTime:0.002512s ]

[ 2017-05-26T07:54:09+08:00 ] ::1 /forum-system/index.php/Forum/MainPost/images/logo.png
INFO: [ app_init ] --START--
INFO: Run Behavior\BuildLiteBehavior [ RunTime:0.000046s ]
INFO: [ app_init ] --END-- [ RunTime:0.000774s ]

[ 2017-05-26T07:54:09+08:00 ] ::1 /forum-system/index.php/Forum/MainPost/images/2.jpg
INFO: [ app_init ] --START--
INFO: Run Behavior\BuildLiteBehavior [ RunTime:0.000057s ]
INFO: [ app_init ] --END-- [ RunTime:0.000741s ]

[ 2017-05-26T07:54:09+08:00 ] ::1 /forum-system/index.php/Forum/MainPost/images/3.jpg
INFO: [ app_init ] --START--
INFO: Run Behavior\BuildLiteBehavior [ RunTime:0.000055s ]
INFO: [ app_init ] --END-- [ RunTime:0.000756s ]

[ 2017-05-26T07:54:09+08:00 ] ::1 /forum-system/index.php/Forum/MainPost/images/5.jpg
INFO: [ app_init ] --START--
INFO: Run Behavior\BuildLiteBehavior [ RunTime:0.000060s ]
INFO: [ app_init ] --END-- [ RunTime:0.000776s ]

[ 2017-05-26T07:54:09+08:00 ] ::1 /forum-system/index.php/Forum/MainPost/images/4.jpg
INFO: [ app_init ] --START--
INFO: Run Behavior\BuildLiteBehavior [ RunTime:0.000051s ]
INFO: [ app_init ] --END-- [ RunTime:0.000717s ]

[ 2017-05-26T07:54:09+08:00 ] ::1 /forum-system/index.php/Forum/MainPost/images/1.jpg
INFO: [ app_init ] --START--
INFO: Run Behavior\BuildLiteBehavior [ RunTime:0.000050s ]
INFO: [ app_init ] --END-- [ RunTime:0.000759s ]

[ 2017-05-26T07:54:09+08:00 ] ::1 /forum-system/index.php/Forum/MainPost/images/1c.jpg
INFO: [ app_init ] --START--
INFO: Run Behavior\BuildLiteBehavior [ RunTime:0.000049s ]
INFO: [ app_init ] --END-- [ RunTime:0.000871s ]

[ 2017-05-26T07:54:09+08:00 ] ::1 /forum-system/index.php/Forum/MainPost/images/2c.jpg
INFO: [ app_init ] --START--
INFO: Run Behavior\BuildLiteBehavior [ RunTime:0.000046s ]
INFO: [ app_init ] --END-- [ RunTime:0.000750s ]

[ 2017-05-26T07:54:09+08:00 ] ::1 /forum-system/index.php/Forum/MainPost/images/3c.jpg
INFO: [ app_init ] --START--
INFO: Run Behavior\BuildLiteBehavior [ RunTime:0.000050s ]
INFO: [ app_init ] --END-- [ RunTime:0.000796s ]

[ 2017-05-26T07:54:09+08:00 ] ::1 /forum-system/index.php/Forum/MainPost/images/4c.jpg
INFO: [ app_init ] --START--
INFO: Run Behavior\BuildLiteBehavior [ RunTime:0.000059s ]
INFO: [ app_init ] --END-- [ RunTime:0.000846s ]

[ 2017-05-26T07:54:09+08:00 ] ::1 /forum-system/index.php/Forum/MainPost/images/6.jpg
INFO: [ app_init ] --START--
INFO: Run Behavior\BuildLiteBehavior [ RunTime:0.000061s ]
INFO: [ app_init ] --END-- [ RunTime:0.001456s ]

[ 2017-05-26T07:54:09+08:00 ] ::1 /forum-system/index.php/Forum/MainPost/images/5c.jpg
INFO: [ app_init ] --START--
INFO: Run Behavior\BuildLiteBehavior [ RunTime:0.000052s ]
INFO: [ app_init ] --END-- [ RunTime:0.001011s ]

[ 2017-05-26T07:54:09+08:00 ] ::1 /forum-system/index.php/Forum/MainPost/images/6c.jpg
INFO: [ app_init ] --START--
INFO: Run Behavior\BuildLiteBehavior [ RunTime:0.000052s ]
INFO: [ app_init ] --END-- [ RunTime:0.000778s ]

[ 2017-05-26T07:54:09+08:00 ] ::1 /forum-system/index.php/Forum/MainPost/images/b1.jpg
INFO: [ app_init ] --START--
INFO: Run Behavior\BuildLiteBehavior [ RunTime:0.000046s ]
INFO: [ app_init ] --END-- [ RunTime:0.000721s ]

[ 2017-05-26T07:54:09+08:00 ] ::1 /forum-system/index.php/Forum/MainPost/images/b6.jpg
INFO: [ app_init ] --START--
INFO: Run Behavior\BuildLiteBehavior [ RunTime:0.000047s ]
INFO: [ app_init ] --END-- [ RunTime:0.000813s ]

[ 2017-05-26T07:54:09+08:00 ] ::1 /forum-system/index.php/Forum/MainPost/images/b5.jpg
INFO: [ app_init ] --START--
INFO: Run Behavior\BuildLiteBehavior [ RunTime:0.000048s ]
INFO: [ app_init ] --END-- [ RunTime:0.000768s ]

[ 2017-05-26T07:54:09+08:00 ] ::1 /forum-system/index.php/Forum/MainPost/images/b2.jpg
INFO: [ app_init ] --START--
INFO: Run Behavior\BuildLiteBehavior [ RunTime:0.000048s ]
INFO: [ app_init ] --END-- [ RunTime:0.000808s ]

[ 2017-05-26T07:54:09+08:00 ] ::1 /forum-system/index.php/Forum/MainPost/images/b3.jpg
INFO: [ app_init ] --START--
INFO: Run Behavior\BuildLiteBehavior [ RunTime:0.000047s ]
INFO: [ app_init ] --END-- [ RunTime:0.000786s ]

[ 2017-05-26T07:54:09+08:00 ] ::1 /forum-system/index.php/Forum/MainPost/images/b4.jpg
INFO: [ app_init ] --START--
INFO: Run Behavior\BuildLiteBehavior [ RunTime:0.000054s ]
INFO: [ app_init ] --END-- [ RunTime:0.000792s ]

[ 2017-05-26T07:54:09+08:00 ] ::1 /forum-system/index.php/Forum/MainPost/images/p1.jpg
INFO: [ app_init ] --START--
INFO: Run Behavior\BuildLiteBehavior [ RunTime:0.000051s ]
INFO: [ app_init ] --END-- [ RunTime:0.000835s ]

[ 2017-05-26T07:54:09+08:00 ] ::1 /forum-system/index.php/Forum/MainPost/images/p2.jpg
INFO: [ app_init ] --START--
INFO: Run Behavior\BuildLiteBehavior [ RunTime:0.000052s ]
INFO: [ app_init ] --END-- [ RunTime:0.000762s ]

[ 2017-05-26T07:54:09+08:00 ] ::1 /forum-system/index.php/Forum/MainPost/images/p3.jpg
INFO: [ app_init ] --START--
INFO: Run Behavior\BuildLiteBehavior [ RunTime:0.000047s ]
INFO: [ app_init ] --END-- [ RunTime:0.000787s ]

[ 2017-05-26T07:54:09+08:00 ] ::1 /forum-system/index.php/Forum/MainPost/images/f-logo.png
INFO: [ app_init ] --START--
INFO: Run Behavior\BuildLiteBehavior [ RunTime:0.000052s ]
INFO: [ app_init ] --END-- [ RunTime:0.000796s ]

