[ 2017-05-11T13:06:14+08:00 ] ::1 /tp3/index.php/Forum/UserDetail/image/login.ico
INFO: [ app_init ] --START--
INFO: Run Behavior\BuildLiteBehavior [ RunTime:0.000032s ]
INFO: [ app_init ] --END-- [ RunTime:0.000458s ]

[ 2017-05-11T14:18:05+08:00 ] 192.168.43.125 /tp3/index.php/Forum/UserDetail/image/login.ico
INFO: [ app_init ] --START--
INFO: Run Behavior\BuildLiteBehavior [ RunTime:0.000027s ]
INFO: [ app_init ] --END-- [ RunTime:0.000466s ]

[ 2017-05-11T14:18:50+08:00 ] 192.168.43.125 /tp3/index.php/Forum/UserDetail/image/login.ico
INFO: [ app_init ] --START--
INFO: Run Behavior\BuildLiteBehavior [ RunTime:0.000027s ]
INFO: [ app_init ] --END-- [ RunTime:0.000495s ]

[ 2017-05-11T14:26:51+08:00 ] 192.168.43.125 /tp3/index.php/Forum/UserDetail/image/login.ico
INFO: [ app_init ] --START--
INFO: Run Behavior\BuildLiteBehavior [ RunTime:0.000026s ]
INFO: [ app_init ] --END-- [ RunTime:0.000490s ]

[ 2017-05-11T14:27:01+08:00 ] 192.168.43.125 /tp3/index.php/Forum/UserDetail/image/login.ico
INFO: [ app_init ] --START--
INFO: Run Behavior\BuildLiteBehavior [ RunTime:0.000027s ]
INFO: [ app_init ] --END-- [ RunTime:0.000484s ]

[ 2017-05-11T18:41:00+08:00 ] 192.168.43.125 /tp3/index.php/Forum/UserDetail/image/login.ico
INFO: [ app_init ] --START--
INFO: Run Behavior\BuildLiteBehavior [ RunTime:0.000049s ]
INFO: [ app_init ] --END-- [ RunTime:0.000862s ]

[ 2017-05-11T18:57:54+08:00 ] 192.168.43.239 /tp3/index.php/Forum/UserDetail/image/login.ico
INFO: [ app_init ] --START--
INFO: Run Behavior\BuildLiteBehavior [ RunTime:0.000028s ]
INFO: [ app_init ] --END-- [ RunTime:0.000496s ]

[ 2017-05-11T19:15:12+08:00 ] 192.168.43.125 /tp3/index.php/Forum/UserDetail/image/login.ico
INFO: [ app_init ] --START--
INFO: Run Behavior\BuildLiteBehavior [ RunTime:0.000032s ]
INFO: [ app_init ] --END-- [ RunTime:0.000558s ]

[ 2017-05-11T20:32:04+08:00 ] ::1 /tp3/index.php/Forum/UserDetail/image/login.ico
INFO: [ app_init ] --START--
INFO: Run Behavior\BuildLiteBehavior [ RunTime:0.000050s ]
INFO: [ app_init ] --END-- [ RunTime:0.000848s ]

