[ 2017-05-18T08:59:49+08:00 ] ::1 /forum-system/index.php/Admin/Adm/addUser.html
INFO: [ app_init ] --START--
INFO: Run Behavior\BuildLiteBehavior [ RunTime:0.000051s ]
INFO: [ app_init ] --END-- [ RunTime:0.000975s ]
ERR: 无法加载模块:Admin

[ 2017-05-18T08:59:54+08:00 ] ::1 /forum-system/index.php/Admin/Adm/showPersonInfo.html
INFO: [ app_init ] --START--
INFO: Run Behavior\BuildLiteBehavior [ RunTime:0.000077s ]
INFO: [ app_init ] --END-- [ RunTime:0.001515s ]
ERR: 无法加载模块:Admin

[ 2017-05-18T08:59:55+08:00 ] ::1 /forum-system/index.php/Admin/Adm/showAll.html
INFO: [ app_init ] --START--
INFO: Run Behavior\BuildLiteBehavior [ RunTime:0.000127s ]
INFO: [ app_init ] --END-- [ RunTime:0.002832s ]
ERR: 无法加载模块:Admin

[ 2017-05-18T08:59:57+08:00 ] ::1 /forum-system/index.php/Admin/Adm/searchUser.html
INFO: [ app_init ] --START--
INFO: Run Behavior\BuildLiteBehavior [ RunTime:0.000130s ]
INFO: [ app_init ] --END-- [ RunTime:0.002999s ]
ERR: 无法加载模块:Admin

[ 2017-05-18T09:37:17+08:00 ] ::1 /forum-system/index.php/Admin/Teacher/searchTeacher.html
INFO: [ app_init ] --START--
INFO: Run Behavior\BuildLiteBehavior [ RunTime:0.000032s ]
INFO: [ app_init ] --END-- [ RunTime:0.000534s ]
ERR: 无法加载模块:Admin

[ 2017-05-18T11:49:35+08:00 ] ::1 /forum-system/index.php/Forum/Adm/img/banner2016.jpg
INFO: [ app_init ] --START--
INFO: Run Behavior\BuildLiteBehavior [ RunTime:0.000056s ]
INFO: [ app_init ] --END-- [ RunTime:0.000882s ]

[ 2017-05-18T11:49:35+08:00 ] ::1 /forum-system/index.php/Forum/Adm/img/banner02.jpg
INFO: [ app_init ] --START--
INFO: Run Behavior\BuildLiteBehavior [ RunTime:0.000050s ]
INFO: [ app_init ] --END-- [ RunTime:0.000865s ]

[ 2017-05-18T11:49:35+08:00 ] ::1 /forum-system/index.php/Forum/Adm/img/02.png
INFO: [ app_init ] --START--
INFO: Run Behavior\BuildLiteBehavior [ RunTime:0.000053s ]
INFO: [ app_init ] --END-- [ RunTime:0.011812s ]

[ 2017-05-18T11:49:35+08:00 ] ::1 /forum-system/index.php/Forum/Adm/img/03-1.png
INFO: [ app_init ] --START--
INFO: Run Behavior\BuildLiteBehavior [ RunTime:0.000062s ]
INFO: [ app_init ] --END-- [ RunTime:0.001023s ]

[ 2017-05-18T11:49:35+08:00 ] ::1 /forum-system/index.php/Forum/Adm/img/menu_pic1.jpg
INFO: [ app_init ] --START--
INFO: Run Behavior\BuildLiteBehavior [ RunTime:0.000052s ]
INFO: [ app_init ] --END-- [ RunTime:0.000807s ]

[ 2017-05-18T11:49:35+08:00 ] ::1 /forum-system/index.php/Forum/Adm/img/banner2016.jpg
INFO: [ app_init ] --START--
INFO: Run Behavior\BuildLiteBehavior [ RunTime:0.000052s ]
INFO: [ app_init ] --END-- [ RunTime:0.000762s ]

[ 2017-05-18T11:49:35+08:00 ] ::1 /forum-system/index.php/Forum/Adm/img/03.jpg
INFO: [ app_init ] --START--
INFO: Run Behavior\BuildLiteBehavior [ RunTime:0.000060s ]
INFO: [ app_init ] --END-- [ RunTime:0.001733s ]

[ 2017-05-18T11:49:35+08:00 ] ::1 /forum-system/index.php/Forum/Adm/img/index_228.png
INFO: [ app_init ] --START--
INFO: Run Behavior\BuildLiteBehavior [ RunTime:0.000050s ]
INFO: [ app_init ] --END-- [ RunTime:0.000808s ]

[ 2017-05-18T11:49:35+08:00 ] ::1 /forum-system/index.php/Forum/Adm/img/banner02.jpg
INFO: [ app_init ] --START--
INFO: Run Behavior\BuildLiteBehavior [ RunTime:0.000057s ]
INFO: [ app_init ] --END-- [ RunTime:0.000958s ]

[ 2017-05-18T11:49:35+08:00 ] ::1 /forum-system/index.php/Forum/Adm/img/03-2.png
INFO: [ app_init ] --START--
INFO: Run Behavior\BuildLiteBehavior [ RunTime:0.000101s ]
INFO: [ app_init ] --END-- [ RunTime:0.000992s ]

[ 2017-05-18T11:49:35+08:00 ] ::1 /forum-system/index.php/Forum/Adm/img/index_229.png
INFO: [ app_init ] --START--
INFO: Run Behavior\BuildLiteBehavior [ RunTime:0.000063s ]
INFO: [ app_init ] --END-- [ RunTime:0.000877s ]

[ 2017-05-18T11:49:35+08:00 ] ::1 /forum-system/index.php/Forum/Adm/img/banner2016.png
INFO: [ app_init ] --START--
INFO: Run Behavior\BuildLiteBehavior [ RunTime:0.000050s ]
INFO: [ app_init ] --END-- [ RunTime:0.001022s ]

[ 2017-05-18T11:49:35+08:00 ] ::1 /forum-system/index.php/Forum/Adm/img/btn1.png
INFO: [ app_init ] --START--
INFO: Run Behavior\BuildLiteBehavior [ RunTime:0.000050s ]
INFO: [ app_init ] --END-- [ RunTime:0.001258s ]

[ 2017-05-18T11:49:35+08:00 ] ::1 /forum-system/index.php/Forum/Adm/img/btn3.png
INFO: [ app_init ] --START--
INFO: Run Behavior\BuildLiteBehavior [ RunTime:0.000049s ]
INFO: [ app_init ] --END-- [ RunTime:0.000782s ]

[ 2017-05-18T11:49:35+08:00 ] ::1 /forum-system/index.php/Forum/Adm/img/btn2.png
INFO: [ app_init ] --START--
INFO: Run Behavior\BuildLiteBehavior [ RunTime:0.000056s ]
INFO: [ app_init ] --END-- [ RunTime:0.000854s ]

[ 2017-05-18T11:49:35+08:00 ] ::1 /forum-system/index.php/Forum/Adm/img/menu_pic2.jpg
INFO: [ app_init ] --START--
INFO: Run Behavior\BuildLiteBehavior [ RunTime:0.000054s ]
INFO: [ app_init ] --END-- [ RunTime:0.000825s ]

[ 2017-05-18T11:49:35+08:00 ] ::1 /forum-system/index.php/Forum/Adm/img/btn4.png
INFO: [ app_init ] --START--
INFO: Run Behavior\BuildLiteBehavior [ RunTime:0.000082s ]
INFO: [ app_init ] --END-- [ RunTime:0.001092s ]

[ 2017-05-18T11:49:35+08:00 ] ::1 /forum-system/index.php/Forum/Adm/img/menu_pic3.jpg
INFO: [ app_init ] --START--
INFO: Run Behavior\BuildLiteBehavior [ RunTime:0.000067s ]
INFO: [ app_init ] --END-- [ RunTime:0.000875s ]

[ 2017-05-18T11:49:35+08:00 ] ::1 /forum-system/index.php/Forum/Adm/img/menu_pic4.jpg
INFO: [ app_init ] --START--
INFO: Run Behavior\BuildLiteBehavior [ RunTime:0.000063s ]
INFO: [ app_init ] --END-- [ RunTime:0.001160s ]

