[ 2017-05-12T13:10:47+08:00 ] ::1 /tp3/index.php/Forum/UserDetail/image/login.ico
INFO: [ app_init ] --START--
INFO: Run Behavior\BuildLiteBehavior [ RunTime:0.000055s ]
INFO: [ app_init ] --END-- [ RunTime:0.000817s ]

[ 2017-05-12T13:18:15+08:00 ] ::1 /tp3/index.php/Forum/UserDetail/image/login.ico
INFO: [ app_init ] --START--
INFO: Run Behavior\BuildLiteBehavior [ RunTime:0.000031s ]
INFO: [ app_init ] --END-- [ RunTime:0.000571s ]

[ 2017-05-12T19:24:11+08:00 ] 192.168.43.239 /tp3/index.php/Forum/UserDetail/image/login.ico
INFO: [ app_init ] --START--
INFO: Run Behavior\BuildLiteBehavior [ RunTime:0.000061s ]
INFO: [ app_init ] --END-- [ RunTime:0.001029s ]

[ 2017-05-12T19:25:21+08:00 ] ::1 /tp3/index.php/Forum/UserDetail/image/login.ico
INFO: [ app_init ] --START--
INFO: Run Behavior\BuildLiteBehavior [ RunTime:0.000033s ]
INFO: [ app_init ] --END-- [ RunTime:0.000722s ]

[ 2017-05-12T19:35:30+08:00 ] ::1 /tp3/index.php/Forum/UserDetail/image/login.ico
INFO: [ app_init ] --START--
INFO: Run Behavior\BuildLiteBehavior [ RunTime:0.000026s ]
INFO: [ app_init ] --END-- [ RunTime:0.000518s ]

[ 2017-05-12T20:02:37+08:00 ] ::1 /tp3/index.php/Forum/UserDetail/image/login.ico
INFO: [ app_init ] --START--
INFO: Run Behavior\BuildLiteBehavior [ RunTime:0.000030s ]
INFO: [ app_init ] --END-- [ RunTime:0.001519s ]

