[ 2017-05-06T10:25:49+08:00 ] ::1 /tp3/index.php/Forum/MainPost/image/3.jpg
INFO: [ app_init ] --START--
INFO: Run Behavior\BuildLiteBehavior [ RunTime:0.000047s ]
INFO: [ app_init ] --END-- [ RunTime:0.000701s ]

[ 2017-05-06T10:25:49+08:00 ] ::1 /tp3/index.php/Forum/MainPost/image/timg.gif
INFO: [ app_init ] --START--
INFO: Run Behavior\BuildLiteBehavior [ RunTime:0.000050s ]
INFO: [ app_init ] --END-- [ RunTime:0.000927s ]

[ 2017-05-06T10:25:49+08:00 ] ::1 /tp3/index.php/Forum/MainPost/image/2.jpg
INFO: [ app_init ] --START--
INFO: Run Behavior\BuildLiteBehavior [ RunTime:0.000055s ]
INFO: [ app_init ] --END-- [ RunTime:0.000823s ]

[ 2017-05-06T10:25:49+08:00 ] ::1 /tp3/index.php/Forum/MainPost/image/1.jpg
INFO: [ app_init ] --START--
INFO: Run Behavior\BuildLiteBehavior [ RunTime:0.000049s ]
INFO: [ app_init ] --END-- [ RunTime:0.000880s ]

[ 2017-05-06T10:27:41+08:00 ] ::1 /tp3/index.php/Forum/MainPost/image/2.jpg
INFO: [ app_init ] --START--
INFO: Run Behavior\BuildLiteBehavior [ RunTime:0.000159s ]
INFO: [ app_init ] --END-- [ RunTime:0.000860s ]

[ 2017-05-06T10:27:41+08:00 ] ::1 /tp3/index.php/Forum/MainPost/image/timg.gif
INFO: [ app_init ] --START--
INFO: Run Behavior\BuildLiteBehavior [ RunTime:0.000052s ]
INFO: [ app_init ] --END-- [ RunTime:0.000863s ]

[ 2017-05-06T10:27:41+08:00 ] ::1 /tp3/index.php/Forum/MainPost/image/1.jpg
INFO: [ app_init ] --START--
INFO: Run Behavior\BuildLiteBehavior [ RunTime:0.000057s ]
INFO: [ app_init ] --END-- [ RunTime:0.001034s ]

[ 2017-05-06T10:27:41+08:00 ] ::1 /tp3/index.php/Forum/MainPost/image/3.jpg
INFO: [ app_init ] --START--
INFO: Run Behavior\BuildLiteBehavior [ RunTime:0.000051s ]
INFO: [ app_init ] --END-- [ RunTime:0.000846s ]

[ 2017-05-06T10:28:18+08:00 ] ::1 /tp3/index.php/Forum/MainPost/image/1.jpg
INFO: [ app_init ] --START--
INFO: Run Behavior\BuildLiteBehavior [ RunTime:0.000048s ]
INFO: [ app_init ] --END-- [ RunTime:0.000807s ]

[ 2017-05-06T10:28:59+08:00 ] ::1 /tp3/index.php/Forum/MainPost/image/timg.gif
INFO: [ app_init ] --START--
INFO: Run Behavior\BuildLiteBehavior [ RunTime:0.000056s ]
INFO: [ app_init ] --END-- [ RunTime:0.000833s ]

[ 2017-05-06T10:28:59+08:00 ] ::1 /tp3/index.php/Forum/MainPost/image/1.jpg
INFO: [ app_init ] --START--
INFO: Run Behavior\BuildLiteBehavior [ RunTime:0.000049s ]
INFO: [ app_init ] --END-- [ RunTime:0.000835s ]

[ 2017-05-06T10:28:59+08:00 ] ::1 /tp3/index.php/Forum/MainPost/image/2.jpg
INFO: [ app_init ] --START--
INFO: Run Behavior\BuildLiteBehavior [ RunTime:0.000054s ]
INFO: [ app_init ] --END-- [ RunTime:0.000850s ]

[ 2017-05-06T10:28:59+08:00 ] ::1 /tp3/index.php/Forum/MainPost/image/3.jpg
INFO: [ app_init ] --START--
INFO: Run Behavior\BuildLiteBehavior [ RunTime:0.000050s ]
INFO: [ app_init ] --END-- [ RunTime:0.000835s ]

[ 2017-05-06T10:29:04+08:00 ] ::1 /tp3/index.php/Forum/MainPost/image/3.jpg
INFO: [ app_init ] --START--
INFO: Run Behavior\BuildLiteBehavior [ RunTime:0.000047s ]
INFO: [ app_init ] --END-- [ RunTime:0.000701s ]

[ 2017-05-06T10:29:04+08:00 ] ::1 /tp3/index.php/Forum/MainPost/image/1.jpg
INFO: [ app_init ] --START--
INFO: Run Behavior\BuildLiteBehavior [ RunTime:0.000049s ]
INFO: [ app_init ] --END-- [ RunTime:0.000805s ]

[ 2017-05-06T10:29:04+08:00 ] ::1 /tp3/index.php/Forum/MainPost/image/2.jpg
INFO: [ app_init ] --START--
INFO: Run Behavior\BuildLiteBehavior [ RunTime:0.000048s ]
INFO: [ app_init ] --END-- [ RunTime:0.000802s ]

[ 2017-05-06T10:29:04+08:00 ] ::1 /tp3/index.php/Forum/MainPost/image/timg.gif
INFO: [ app_init ] --START--
INFO: Run Behavior\BuildLiteBehavior [ RunTime:0.000058s ]
INFO: [ app_init ] --END-- [ RunTime:0.000865s ]

[ 2017-05-06T10:29:17+08:00 ] ::1 /tp3/index.php/Forum/MainPost/image/timg.gif
INFO: [ app_init ] --START--
INFO: Run Behavior\BuildLiteBehavior [ RunTime:0.000050s ]
INFO: [ app_init ] --END-- [ RunTime:0.000724s ]

[ 2017-05-06T10:29:17+08:00 ] ::1 /tp3/index.php/Forum/MainPost/image/2.jpg
INFO: [ app_init ] --START--
INFO: Run Behavior\BuildLiteBehavior [ RunTime:0.000050s ]
INFO: [ app_init ] --END-- [ RunTime:0.000871s ]

[ 2017-05-06T10:29:17+08:00 ] ::1 /tp3/index.php/Forum/MainPost/image/3.jpg
INFO: [ app_init ] --START--
INFO: Run Behavior\BuildLiteBehavior [ RunTime:0.000058s ]
INFO: [ app_init ] --END-- [ RunTime:0.000892s ]

[ 2017-05-06T10:29:17+08:00 ] ::1 /tp3/index.php/Forum/MainPost/image/1.jpg
INFO: [ app_init ] --START--
INFO: Run Behavior\BuildLiteBehavior [ RunTime:0.000047s ]
INFO: [ app_init ] --END-- [ RunTime:0.000851s ]

[ 2017-05-06T10:29:41+08:00 ] ::1 /tp3/index.php/Forum/MainPost/image/3.jpg
INFO: [ app_init ] --START--
INFO: Run Behavior\BuildLiteBehavior [ RunTime:0.000049s ]
INFO: [ app_init ] --END-- [ RunTime:0.000706s ]

[ 2017-05-06T10:29:41+08:00 ] ::1 /tp3/index.php/Forum/MainPost/image/timg.gif
INFO: [ app_init ] --START--
INFO: Run Behavior\BuildLiteBehavior [ RunTime:0.000050s ]
INFO: [ app_init ] --END-- [ RunTime:0.000879s ]

[ 2017-05-06T10:29:41+08:00 ] ::1 /tp3/index.php/Forum/MainPost/image/1.jpg
INFO: [ app_init ] --START--
INFO: Run Behavior\BuildLiteBehavior [ RunTime:0.000056s ]
INFO: [ app_init ] --END-- [ RunTime:0.000914s ]

[ 2017-05-06T10:29:41+08:00 ] ::1 /tp3/index.php/Forum/MainPost/image/2.jpg
INFO: [ app_init ] --START--
INFO: Run Behavior\BuildLiteBehavior [ RunTime:0.000052s ]
INFO: [ app_init ] --END-- [ RunTime:0.000975s ]

[ 2017-05-06T10:33:34+08:00 ] ::1 /tp3/index.php/Forum/MainPost/Application/Forum/View/MainPost/image/3.jpg
INFO: [ app_init ] --START--
INFO: Run Behavior\BuildLiteBehavior [ RunTime:0.000052s ]
INFO: [ app_init ] --END-- [ RunTime:0.000717s ]

[ 2017-05-06T10:33:34+08:00 ] ::1 /tp3/index.php/Forum/MainPost/Application/Forum/View/MainPost/image/1.jpg
INFO: [ app_init ] --START--
INFO: Run Behavior\BuildLiteBehavior [ RunTime:0.000055s ]
INFO: [ app_init ] --END-- [ RunTime:0.000915s ]

[ 2017-05-06T10:33:34+08:00 ] ::1 /tp3/index.php/Forum/MainPost/Application/Forum/View/MainPost/image/timg.gif
INFO: [ app_init ] --START--
INFO: Run Behavior\BuildLiteBehavior [ RunTime:0.000055s ]
INFO: [ app_init ] --END-- [ RunTime:0.000880s ]

[ 2017-05-06T10:33:34+08:00 ] ::1 /tp3/index.php/Forum/MainPost/Application/Forum/View/MainPost/image/2.jpg
INFO: [ app_init ] --START--
INFO: Run Behavior\BuildLiteBehavior [ RunTime:0.000048s ]
INFO: [ app_init ] --END-- [ RunTime:0.000847s ]

[ 2017-05-06T10:33:40+08:00 ] ::1 /tp3/index.php/Forum/MainPost/Application/Forum/View/MainPost/image/3.jpg
INFO: [ app_init ] --START--
INFO: Run Behavior\BuildLiteBehavior [ RunTime:0.000051s ]
INFO: [ app_init ] --END-- [ RunTime:0.000740s ]

[ 2017-05-06T10:33:40+08:00 ] ::1 /tp3/index.php/Forum/MainPost/Application/Forum/View/MainPost/image/1.jpg
INFO: [ app_init ] --START--
INFO: Run Behavior\BuildLiteBehavior [ RunTime:0.000054s ]
INFO: [ app_init ] --END-- [ RunTime:0.000851s ]

[ 2017-05-06T10:33:40+08:00 ] ::1 /tp3/index.php/Forum/MainPost/Application/Forum/View/MainPost/image/timg.gif
INFO: [ app_init ] --START--
INFO: Run Behavior\BuildLiteBehavior [ RunTime:0.000046s ]
INFO: [ app_init ] --END-- [ RunTime:0.000836s ]

[ 2017-05-06T10:33:40+08:00 ] ::1 /tp3/index.php/Forum/MainPost/Application/Forum/View/MainPost/image/2.jpg
INFO: [ app_init ] --START--
INFO: Run Behavior\BuildLiteBehavior [ RunTime:0.000036s ]
INFO: [ app_init ] --END-- [ RunTime:0.000683s ]

[ 2017-05-06T10:36:14+08:00 ] ::1 /tp3/index.php/Forum/MainPost/Application/Forum/View/MainPost/image/3.jpg
INFO: [ app_init ] --START--
INFO: Run Behavior\BuildLiteBehavior [ RunTime:0.000052s ]
INFO: [ app_init ] --END-- [ RunTime:0.000841s ]

[ 2017-05-06T10:36:14+08:00 ] ::1 /tp3/index.php/Forum/MainPost/Application/Forum/View/MainPost/image/2.jpg
INFO: [ app_init ] --START--
INFO: Run Behavior\BuildLiteBehavior [ RunTime:0.000059s ]
INFO: [ app_init ] --END-- [ RunTime:0.000875s ]

[ 2017-05-06T10:36:14+08:00 ] ::1 /tp3/index.php/Forum/MainPost/Application/Forum/View/MainPost/image/timg.gif
INFO: [ app_init ] --START--
INFO: Run Behavior\BuildLiteBehavior [ RunTime:0.000053s ]
INFO: [ app_init ] --END-- [ RunTime:0.000870s ]

[ 2017-05-06T10:36:28+08:00 ] ::1 /tp3/index.php/Forum/MainPost/Application/Forum/View/MainPost/image/1.jpg
INFO: [ app_init ] --START--
INFO: Run Behavior\BuildLiteBehavior [ RunTime:0.000027s ]
INFO: [ app_init ] --END-- [ RunTime:0.000464s ]

