[ 2017-05-31T13:56:59+08:00 ] ::1 /forum-system/index.php/Forum/MainPost/index.html
INFO: [ app_init ] --START--
INFO: Run Behavior\BuildLiteBehavior [ RunTime:0.000040s ]
INFO: [ app_init ] --END-- [ RunTime:0.000622s ]
INFO: [ app_begin ] --START--
INFO: Run Behavior\ReadHtmlCacheBehavior [ RunTime:0.004979s ]
INFO: [ app_begin ] --END-- [ RunTime:0.005371s ]
SQL: SHOW COLUMNS FROM `tfor_class` [ RunTime:0.0244s ]
SQL: SELECT `for_class` FROM `tfor_class`  [ RunTime:0.0006s ]
SQL: SHOW COLUMNS FROM `tfor_main` [ RunTime:0.0128s ]
SQL: SELECT COUNT(*) AS tp_count FROM `tfor_main` WHERE ( for_flag=1 ) ORDER BY `for_time` desc LIMIT 1   [ RunTime:0.0020s ]
SQL: SELECT * FROM `tfor_main` LEFT JOIN tfor_detail ON tfor_main.for_id = tfor_detail.for_id  WHERE ( for_flag=1 ) ORDER BY `for_num` desc,`for_time` LIMIT 0,20   [ RunTime:0.0010s ]
SQL: SHOW COLUMNS FROM `tfor_circular` [ RunTime:0.0102s ]
SQL: SELECT `for_num`,`for_title` FROM `tfor_circular` ORDER BY `for_time` desc LIMIT 5   [ RunTime:0.0003s ]
NOTIC: [8] Undefined index: name C:\wamp\www\forum-system\Application\Forum\Controller\MainPostController.class.php 第 26 行.
INFO: [ view_parse ] --START--
INFO: [ template_filter ] --START--
INFO: Run Behavior\ContentReplaceBehavior [ RunTime:0.000142s ]
INFO: [ template_filter ] --END-- [ RunTime:0.000278s ]
INFO: Run Behavior\ParseTemplateBehavior [ RunTime:0.165830s ]
INFO: [ view_parse ] --END-- [ RunTime:0.166371s ]
INFO: [ view_filter ] --START--
INFO: Run Behavior\WriteHtmlCacheBehavior [ RunTime:0.002051s ]
INFO: [ view_filter ] --END-- [ RunTime:0.002284s ]
INFO: [ app_end ] --START--
INFO: Run Behavior\ShowPageTraceBehavior [ RunTime:0.003699s ]
INFO: [ app_end ] --END-- [ RunTime:0.003957s ]

[ 2017-05-31T13:57:01+08:00 ] ::1 /forum-system/index.php/Forum/Login/logout.html
INFO: [ app_init ] --START--
INFO: Run Behavior\BuildLiteBehavior [ RunTime:0.000050s ]
INFO: [ app_init ] --END-- [ RunTime:0.000643s ]
INFO: [ app_begin ] --START--
INFO: Run Behavior\ReadHtmlCacheBehavior [ RunTime:0.000848s ]
INFO: [ app_begin ] --END-- [ RunTime:0.000980s ]
INFO: [ view_parse ] --START--
INFO: [ template_filter ] --START--
INFO: Run Behavior\ContentReplaceBehavior [ RunTime:0.000118s ]
INFO: [ template_filter ] --END-- [ RunTime:0.000284s ]
INFO: Run Behavior\ParseTemplateBehavior [ RunTime:0.015874s ]
INFO: [ view_parse ] --END-- [ RunTime:0.016066s ]
INFO: [ view_filter ] --START--
INFO: Run Behavior\WriteHtmlCacheBehavior [ RunTime:0.000615s ]
INFO: [ view_filter ] --END-- [ RunTime:0.000721s ]
INFO: [ app_end ] --START--
INFO: Run Behavior\ShowPageTraceBehavior [ RunTime:0.000816s ]
INFO: [ app_end ] --END-- [ RunTime:0.000927s ]

[ 2017-05-31T13:57:03+08:00 ] ::1 /forum-system/index.php/Forum/Login/login.html
INFO: [ app_init ] --START--
INFO: Run Behavior\BuildLiteBehavior [ RunTime:0.000028s ]
INFO: [ app_init ] --END-- [ RunTime:0.000539s ]
INFO: [ app_begin ] --START--
INFO: Run Behavior\ReadHtmlCacheBehavior [ RunTime:0.000754s ]
INFO: [ app_begin ] --END-- [ RunTime:0.000929s ]
INFO: [ view_parse ] --START--
INFO: [ template_filter ] --START--
INFO: Run Behavior\ContentReplaceBehavior [ RunTime:0.000163s ]
INFO: [ template_filter ] --END-- [ RunTime:0.000287s ]
INFO: Run Behavior\ParseTemplateBehavior [ RunTime:0.056412s ]
INFO: [ view_parse ] --END-- [ RunTime:0.056552s ]
INFO: [ view_filter ] --START--
INFO: Run Behavior\WriteHtmlCacheBehavior [ RunTime:0.000741s ]
INFO: [ view_filter ] --END-- [ RunTime:0.000861s ]
INFO: [ app_end ] --START--
INFO: Run Behavior\ShowPageTraceBehavior [ RunTime:0.001620s ]
INFO: [ app_end ] --END-- [ RunTime:0.001879s ]

[ 2017-05-31T14:05:52+08:00 ] ::1 /forum-system/index.php/Forum/MainPost/index.html
INFO: [ app_init ] --START--
INFO: Run Behavior\BuildLiteBehavior [ RunTime:0.000030s ]
INFO: [ app_init ] --END-- [ RunTime:0.000550s ]
INFO: [ app_begin ] --START--
INFO: Run Behavior\ReadHtmlCacheBehavior [ RunTime:0.000744s ]
INFO: [ app_begin ] --END-- [ RunTime:0.000878s ]
SQL: SHOW COLUMNS FROM `tfor_class` [ RunTime:0.0225s ]
SQL: SELECT `for_class` FROM `tfor_class`  [ RunTime:0.0005s ]
SQL: SHOW COLUMNS FROM `tfor_main` [ RunTime:0.0085s ]
SQL: SELECT COUNT(*) AS tp_count FROM `tfor_main` WHERE ( for_flag=1 ) ORDER BY `for_time` desc LIMIT 1   [ RunTime:0.0004s ]
SQL: SELECT * FROM `tfor_main` LEFT JOIN tfor_detail ON tfor_main.for_id = tfor_detail.for_id  WHERE ( for_flag=1 ) ORDER BY `for_num` desc,`for_time` LIMIT 0,20   [ RunTime:0.0010s ]
SQL: SHOW COLUMNS FROM `tfor_circular` [ RunTime:0.0106s ]
SQL: SELECT `for_num`,`for_title` FROM `tfor_circular` ORDER BY `for_time` desc LIMIT 5   [ RunTime:0.0004s ]
NOTIC: [8] Undefined index: name C:\wamp\www\forum-system\Application\Forum\Controller\MainPostController.class.php 第 26 行.
INFO: [ view_parse ] --START--
INFO: [ template_filter ] --START--
INFO: Run Behavior\ContentReplaceBehavior [ RunTime:0.000133s ]
INFO: [ template_filter ] --END-- [ RunTime:0.000261s ]
INFO: Run Behavior\ParseTemplateBehavior [ RunTime:0.037644s ]
INFO: [ view_parse ] --END-- [ RunTime:0.037775s ]
INFO: [ view_filter ] --START--
INFO: Run Behavior\WriteHtmlCacheBehavior [ RunTime:0.000753s ]
INFO: [ view_filter ] --END-- [ RunTime:0.000863s ]
INFO: [ app_end ] --START--
INFO: Run Behavior\ShowPageTraceBehavior [ RunTime:0.002005s ]
INFO: [ app_end ] --END-- [ RunTime:0.002304s ]

[ 2017-05-31T14:06:00+08:00 ] ::1 /forum-system/index.php/Forum/MainPost/index.html
INFO: [ app_init ] --START--
INFO: Run Behavior\BuildLiteBehavior [ RunTime:0.000026s ]
INFO: [ app_init ] --END-- [ RunTime:0.000459s ]
INFO: [ app_begin ] --START--
INFO: Run Behavior\ReadHtmlCacheBehavior [ RunTime:0.002093s ]
INFO: [ app_begin ] --END-- [ RunTime:0.002396s ]
SQL: SHOW COLUMNS FROM `tfor_class` [ RunTime:0.0254s ]
SQL: SELECT `for_class` FROM `tfor_class`  [ RunTime:0.0004s ]
SQL: SHOW COLUMNS FROM `tfor_main` [ RunTime:0.0083s ]
SQL: SELECT COUNT(*) AS tp_count FROM `tfor_main` WHERE ( for_flag=1 ) ORDER BY `for_time` desc LIMIT 1   [ RunTime:0.0004s ]
SQL: SELECT * FROM `tfor_main` LEFT JOIN tfor_detail ON tfor_main.for_id = tfor_detail.for_id  WHERE ( for_flag=1 ) ORDER BY `for_num` desc,`for_time` LIMIT 0,20   [ RunTime:0.0011s ]
SQL: SHOW COLUMNS FROM `tfor_circular` [ RunTime:0.0087s ]
SQL: SELECT `for_num`,`for_title` FROM `tfor_circular` ORDER BY `for_time` desc LIMIT 5   [ RunTime:0.0004s ]
NOTIC: [8] Undefined index: name C:\wamp\www\forum-system\Application\Forum\Controller\MainPostController.class.php 第 26 行.
INFO: [ view_parse ] --START--
INFO: [ template_filter ] --START--
INFO: Run Behavior\ContentReplaceBehavior [ RunTime:0.000124s ]
INFO: [ template_filter ] --END-- [ RunTime:0.000251s ]
INFO: Run Behavior\ParseTemplateBehavior [ RunTime:0.038377s ]
INFO: [ view_parse ] --END-- [ RunTime:0.038537s ]
INFO: [ view_filter ] --START--
INFO: Run Behavior\WriteHtmlCacheBehavior [ RunTime:0.000630s ]
INFO: [ view_filter ] --END-- [ RunTime:0.000754s ]
INFO: [ app_end ] --START--
INFO: Run Behavior\ShowPageTraceBehavior [ RunTime:0.001366s ]
INFO: [ app_end ] --END-- [ RunTime:0.001682s ]

[ 2017-05-31T14:06:02+08:00 ] ::1 /forum-system/index.php/Forum/ReplyPost/index.html?for_num=30
INFO: [ app_init ] --START--
INFO: Run Behavior\BuildLiteBehavior [ RunTime:0.000043s ]
INFO: [ app_init ] --END-- [ RunTime:0.000671s ]
INFO: [ app_begin ] --START--
INFO: Run Behavior\ReadHtmlCacheBehavior [ RunTime:0.000568s ]
INFO: [ app_begin ] --END-- [ RunTime:0.000739s ]
SQL: SHOW COLUMNS FROM `tfor_class` [ RunTime:0.0247s ]
SQL: SELECT `for_class` FROM `tfor_class`  [ RunTime:0.0005s ]
SQL: SHOW COLUMNS FROM `tfor_main` [ RunTime:0.0106s ]
SQL: SELECT * FROM `tfor_main` LEFT JOIN tfor_detail ON tfor_main.for_id = tfor_detail.for_id  WHERE `for_num` = '30' OR `for_flag` = 3 LIMIT 1   [ RunTime:0.0010s ]
SQL: SHOW COLUMNS FROM `tfor_reply` [ RunTime:0.0128s ]
SQL: SELECT COUNT(*) AS tp_count FROM `tfor_reply` WHERE `for_fatherid` = 30 LIMIT 1   [ RunTime:0.0004s ]
SQL: SELECT * FROM `tfor_reply` LEFT JOIN tfor_detail ON tfor_reply.for_id = tfor_detail.for_id  WHERE `for_fatherid` = '30' LIMIT 0,10   [ RunTime:0.0007s ]
NOTIC: [8] Undefined index: name C:\wamp\www\forum-system\Application\Forum\Controller\ReplyPostController.class.php 第 62 行.
INFO: [ view_parse ] --START--
INFO: [ template_filter ] --START--
INFO: Run Behavior\ContentReplaceBehavior [ RunTime:0.000267s ]
INFO: [ template_filter ] --END-- [ RunTime:0.000551s ]
INFO: Run Behavior\ParseTemplateBehavior [ RunTime:0.091547s ]
INFO: [ view_parse ] --END-- [ RunTime:0.091761s ]
INFO: [ view_filter ] --START--
INFO: Run Behavior\WriteHtmlCacheBehavior [ RunTime:0.000444s ]
INFO: [ view_filter ] --END-- [ RunTime:0.000565s ]
INFO: [ app_end ] --START--
INFO: Run Behavior\ShowPageTraceBehavior [ RunTime:0.001167s ]
INFO: [ app_end ] --END-- [ RunTime:0.001570s ]

[ 2017-05-31T14:06:11+08:00 ] ::1 /forum-system/index.php/Forum/ReplyPost/index.html?for_num=28
INFO: [ app_init ] --START--
INFO: Run Behavior\BuildLiteBehavior [ RunTime:0.000026s ]
INFO: [ app_init ] --END-- [ RunTime:0.000525s ]
INFO: [ app_begin ] --START--
INFO: Run Behavior\ReadHtmlCacheBehavior [ RunTime:0.000774s ]
INFO: [ app_begin ] --END-- [ RunTime:0.000894s ]
SQL: SHOW COLUMNS FROM `tfor_class` [ RunTime:0.0235s ]
SQL: SELECT `for_class` FROM `tfor_class`  [ RunTime:0.0004s ]
SQL: SHOW COLUMNS FROM `tfor_main` [ RunTime:0.0087s ]
SQL: SELECT * FROM `tfor_main` LEFT JOIN tfor_detail ON tfor_main.for_id = tfor_detail.for_id  WHERE `for_num` = '28' OR `for_flag` = 3 LIMIT 1   [ RunTime:0.0008s ]
SQL: SHOW COLUMNS FROM `tfor_reply` [ RunTime:0.0089s ]
SQL: SELECT COUNT(*) AS tp_count FROM `tfor_reply` WHERE `for_fatherid` = 28 LIMIT 1   [ RunTime:0.0004s ]
SQL: SELECT * FROM `tfor_reply` LEFT JOIN tfor_detail ON tfor_reply.for_id = tfor_detail.for_id  WHERE `for_fatherid` = '28' LIMIT 0,10   [ RunTime:0.0006s ]
NOTIC: [8] Undefined index: name C:\wamp\www\forum-system\Application\Forum\Controller\ReplyPostController.class.php 第 62 行.
INFO: [ view_parse ] --START--
INFO: [ template_filter ] --START--
INFO: Run Behavior\ContentReplaceBehavior [ RunTime:0.000142s ]
INFO: [ template_filter ] --END-- [ RunTime:0.000284s ]
INFO: Run Behavior\ParseTemplateBehavior [ RunTime:0.068566s ]
INFO: [ view_parse ] --END-- [ RunTime:0.068728s ]
INFO: [ view_filter ] --START--
INFO: Run Behavior\WriteHtmlCacheBehavior [ RunTime:0.000778s ]
INFO: [ view_filter ] --END-- [ RunTime:0.000899s ]
INFO: [ app_end ] --START--
INFO: Run Behavior\ShowPageTraceBehavior [ RunTime:0.001965s ]
INFO: [ app_end ] --END-- [ RunTime:0.002263s ]

[ 2017-05-31T14:06:18+08:00 ] ::1 /forum-system/index.php/Forum/ReplyPost/index.html?for_num=27
INFO: [ app_init ] --START--
INFO: Run Behavior\BuildLiteBehavior [ RunTime:0.000026s ]
INFO: [ app_init ] --END-- [ RunTime:0.000451s ]
INFO: [ app_begin ] --START--
INFO: Run Behavior\ReadHtmlCacheBehavior [ RunTime:0.000776s ]
INFO: [ app_begin ] --END-- [ RunTime:0.000897s ]
SQL: SHOW COLUMNS FROM `tfor_class` [ RunTime:0.0219s ]
SQL: SELECT `for_class` FROM `tfor_class`  [ RunTime:0.0016s ]
SQL: SHOW COLUMNS FROM `tfor_main` [ RunTime:0.0085s ]
SQL: SELECT * FROM `tfor_main` LEFT JOIN tfor_detail ON tfor_main.for_id = tfor_detail.for_id  WHERE `for_num` = '27' OR `for_flag` = 3 LIMIT 1   [ RunTime:0.0007s ]
SQL: SHOW COLUMNS FROM `tfor_reply` [ RunTime:0.0089s ]
SQL: SELECT COUNT(*) AS tp_count FROM `tfor_reply` WHERE `for_fatherid` = 27 LIMIT 1   [ RunTime:0.0004s ]
SQL: SELECT * FROM `tfor_reply` LEFT JOIN tfor_detail ON tfor_reply.for_id = tfor_detail.for_id  WHERE `for_fatherid` = '27' LIMIT 0,10   [ RunTime:0.0005s ]
NOTIC: [8] Undefined index: name C:\wamp\www\forum-system\Application\Forum\Controller\ReplyPostController.class.php 第 62 行.
INFO: [ view_parse ] --START--
INFO: [ template_filter ] --START--
INFO: Run Behavior\ContentReplaceBehavior [ RunTime:0.000143s ]
INFO: [ template_filter ] --END-- [ RunTime:0.000260s ]
INFO: Run Behavior\ParseTemplateBehavior [ RunTime:0.069092s ]
INFO: [ view_parse ] --END-- [ RunTime:0.069223s ]
INFO: [ view_filter ] --START--
INFO: Run Behavior\WriteHtmlCacheBehavior [ RunTime:0.000708s ]
INFO: [ view_filter ] --END-- [ RunTime:0.000826s ]
INFO: [ app_end ] --START--
INFO: Run Behavior\ShowPageTraceBehavior [ RunTime:0.001853s ]
INFO: [ app_end ] --END-- [ RunTime:0.002117s ]

[ 2017-05-31T14:06:22+08:00 ] ::1 /forum-system/index.php/Forum/ReplyPost/index.html?for_num=25
INFO: [ app_init ] --START--
INFO: Run Behavior\BuildLiteBehavior [ RunTime:0.000025s ]
INFO: [ app_init ] --END-- [ RunTime:0.000466s ]
INFO: [ app_begin ] --START--
INFO: Run Behavior\ReadHtmlCacheBehavior [ RunTime:0.002251s ]
INFO: [ app_begin ] --END-- [ RunTime:0.002570s ]
SQL: SHOW COLUMNS FROM `tfor_class` [ RunTime:0.0113s ]
SQL: SELECT `for_class` FROM `tfor_class`  [ RunTime:0.0004s ]
SQL: SHOW COLUMNS FROM `tfor_main` [ RunTime:0.0123s ]
SQL: SELECT * FROM `tfor_main` LEFT JOIN tfor_detail ON tfor_main.for_id = tfor_detail.for_id  WHERE `for_num` = '25' OR `for_flag` = 3 LIMIT 1   [ RunTime:0.0007s ]
SQL: SHOW COLUMNS FROM `tfor_reply` [ RunTime:0.0098s ]
SQL: SELECT COUNT(*) AS tp_count FROM `tfor_reply` WHERE `for_fatherid` = 25 LIMIT 1   [ RunTime:0.0004s ]
SQL: SELECT * FROM `tfor_reply` LEFT JOIN tfor_detail ON tfor_reply.for_id = tfor_detail.for_id  WHERE `for_fatherid` = '25' LIMIT 0,10   [ RunTime:0.0005s ]
NOTIC: [8] Undefined index: name C:\wamp\www\forum-system\Application\Forum\Controller\ReplyPostController.class.php 第 62 行.
INFO: [ view_parse ] --START--
INFO: [ template_filter ] --START--
INFO: Run Behavior\ContentReplaceBehavior [ RunTime:0.000216s ]
INFO: [ template_filter ] --END-- [ RunTime:0.000352s ]
INFO: Run Behavior\ParseTemplateBehavior [ RunTime:0.046514s ]
INFO: [ view_parse ] --END-- [ RunTime:0.046707s ]
INFO: [ view_filter ] --START--
INFO: Run Behavior\WriteHtmlCacheBehavior [ RunTime:0.001012s ]
INFO: [ view_filter ] --END-- [ RunTime:0.001182s ]
INFO: [ app_end ] --START--
INFO: Run Behavior\ShowPageTraceBehavior [ RunTime:0.001730s ]
INFO: [ app_end ] --END-- [ RunTime:0.001929s ]

[ 2017-05-31T14:07:43+08:00 ] ::1 /forum-system/index.php/Forum/ReplyPost/index.html
INFO: [ app_init ] --START--
INFO: Run Behavior\BuildLiteBehavior [ RunTime:0.000040s ]
INFO: [ app_init ] --END-- [ RunTime:0.000698s ]
INFO: [ app_begin ] --START--
INFO: Run Behavior\ReadHtmlCacheBehavior [ RunTime:0.002583s ]
INFO: [ app_begin ] --END-- [ RunTime:0.002828s ]
NOTIC: [8] Undefined index: name C:\wamp\www\forum-system\Application\Forum\Controller\ReplyPostController.class.php 第 19 行.
SQL: SHOW COLUMNS FROM `tfor_main` [ RunTime:0.0340s ]
SQL: SELECT `for_join`,`for_floor` FROM `tfor_main` WHERE `for_num` = 25 LIMIT 1   [ RunTime:0.0006s ]
SQL: UPDATE `tfor_main` SET `for_join`='1',`for_floor`='2' WHERE `for_num` = 25 [ RunTime:0.0025s ]
SQL: SELECT `for_id` FROM `tfor_main` WHERE `for_num` = 25 LIMIT 1   [ RunTime:0.0006s ]
SQL: SHOW COLUMNS FROM `tfor_detail` [ RunTime:0.0227s ]
SQL: SELECT `for_value` FROM `tfor_detail` WHERE `for_id` = 2013000004 LIMIT 1   [ RunTime:0.0007s ]
SQL: UPDATE `tfor_detail` SET `for_value`='88',`for_level`='3' WHERE `for_id` = 2013000004 [ RunTime:0.0022s ]
SQL: SELECT `for_value` FROM `tfor_detail` WHERE `for_id` = null LIMIT 1   [ RunTime:0.0005s ]
SQL: UPDATE `tfor_detail` SET `for_value`='1',`for_level`='0' WHERE `for_id` = null [ RunTime:0.0004s ]
SQL: SELECT `for_message` FROM `tfor_detail` WHERE `for_id` = 2013000004 LIMIT 1   [ RunTime:0.0005s ]
SQL: UPDATE `tfor_detail` SET `for_message`='1' WHERE `for_id` = 2013000004 [ RunTime:0.0021s ]
SQL: SHOW COLUMNS FROM `tfor_reply` [ RunTime:0.0151s ]
ERR: 1452:Cannot add or update a child row: a foreign key constraint fails (`forum`.`tfor_reply`, CONSTRAINT `for_reply_fk2` FOREIGN KEY (`for_id`) REFERENCES `tfor_user` (`for_id`) ON DELETE CASCADE ON UPDATE CASCADE)
 [ SQL语句 ] : INSERT INTO `tfor_reply` (`for_fatherid`,`for_text`,`for_id`,`for_floor`) VALUES ('25','&lt;p&gt;&amp;nbsp; &amp;nbsp; &amp;nbsp;同求&lt;img src=&quot;http://img.baidu.com/hi/jx2/j_0015.gif&quot;/&gt;&lt;/p&gt;','0','2')
ERR: 1452:Cannot add or update a child row: a foreign key constraint fails (`forum`.`tfor_reply`, CONSTRAINT `for_reply_fk2` FOREIGN KEY (`for_id`) REFERENCES `tfor_user` (`for_id`) ON DELETE CASCADE ON UPDATE CASCADE)
 [ SQL语句 ] : INSERT INTO `tfor_reply` (`for_fatherid`,`for_text`,`for_id`,`for_floor`) VALUES ('25','&lt;p&gt;&amp;nbsp; &amp;nbsp; &amp;nbsp;同求&lt;img src=&quot;http://img.baidu.com/hi/jx2/j_0015.gif&quot;/&gt;&lt;/p&gt;','0','2')

[ 2017-05-31T14:09:46+08:00 ] ::1 /forum-system/index.php/Forum/ReplyPost/index.html?for_num=25
INFO: [ app_init ] --START--
INFO: Run Behavior\BuildLiteBehavior [ RunTime:0.000032s ]
INFO: [ app_init ] --END-- [ RunTime:0.000655s ]
INFO: [ app_begin ] --START--
INFO: Run Behavior\ReadHtmlCacheBehavior [ RunTime:0.000847s ]
INFO: [ app_begin ] --END-- [ RunTime:0.000974s ]
SQL: SHOW COLUMNS FROM `tfor_class` [ RunTime:0.0219s ]
SQL: SELECT `for_class` FROM `tfor_class`  [ RunTime:0.0004s ]
SQL: SHOW COLUMNS FROM `tfor_main` [ RunTime:0.0088s ]
SQL: SELECT * FROM `tfor_main` LEFT JOIN tfor_detail ON tfor_main.for_id = tfor_detail.for_id  WHERE `for_num` = '25' OR `for_flag` = 3 LIMIT 1   [ RunTime:0.0008s ]
SQL: SHOW COLUMNS FROM `tfor_reply` [ RunTime:0.0105s ]
SQL: SELECT COUNT(*) AS tp_count FROM `tfor_reply` WHERE `for_fatherid` = 25 LIMIT 1   [ RunTime:0.0004s ]
SQL: SELECT * FROM `tfor_reply` LEFT JOIN tfor_detail ON tfor_reply.for_id = tfor_detail.for_id  WHERE `for_fatherid` = '25' LIMIT 0,10   [ RunTime:0.0005s ]
NOTIC: [8] Undefined index: name C:\wamp\www\forum-system\Application\Forum\Controller\ReplyPostController.class.php 第 63 行.
INFO: [ view_parse ] --START--
INFO: [ template_filter ] --START--
INFO: Run Behavior\ContentReplaceBehavior [ RunTime:0.000322s ]
INFO: [ template_filter ] --END-- [ RunTime:0.000565s ]
INFO: Run Behavior\ParseTemplateBehavior [ RunTime:0.020243s ]
INFO: [ view_parse ] --END-- [ RunTime:0.020387s ]
INFO: [ view_filter ] --START--
INFO: Run Behavior\WriteHtmlCacheBehavior [ RunTime:0.000963s ]
INFO: [ view_filter ] --END-- [ RunTime:0.001093s ]
INFO: [ app_end ] --START--
INFO: Run Behavior\ShowPageTraceBehavior [ RunTime:0.001639s ]
INFO: [ app_end ] --END-- [ RunTime:0.001904s ]

[ 2017-05-31T14:09:51+08:00 ] ::1 /forum-system/index.php/Forum/ReplyPost/index.html
INFO: [ app_init ] --START--
INFO: Run Behavior\BuildLiteBehavior [ RunTime:0.000029s ]
INFO: [ app_init ] --END-- [ RunTime:0.000514s ]
INFO: [ app_begin ] --START--
INFO: Run Behavior\ReadHtmlCacheBehavior [ RunTime:0.001162s ]
INFO: [ app_begin ] --END-- [ RunTime:0.001370s ]

[ 2017-05-31T14:09:51+08:00 ] ::1 /forum-system/index.php/Forum/Login/login.html
INFO: [ app_init ] --START--
INFO: Run Behavior\BuildLiteBehavior [ RunTime:0.000060s ]
INFO: [ app_init ] --END-- [ RunTime:0.001063s ]
INFO: [ app_begin ] --START--
INFO: Run Behavior\ReadHtmlCacheBehavior [ RunTime:0.001854s ]
INFO: [ app_begin ] --END-- [ RunTime:0.002206s ]
INFO: [ view_parse ] --START--
INFO: [ template_filter ] --START--
INFO: Run Behavior\ContentReplaceBehavior [ RunTime:0.000218s ]
INFO: [ template_filter ] --END-- [ RunTime:0.000386s ]
INFO: Run Behavior\ParseTemplateBehavior [ RunTime:0.022428s ]
INFO: [ view_parse ] --END-- [ RunTime:0.022611s ]
INFO: [ view_filter ] --START--
INFO: Run Behavior\WriteHtmlCacheBehavior [ RunTime:0.000784s ]
INFO: [ view_filter ] --END-- [ RunTime:0.000906s ]
INFO: [ app_end ] --START--
INFO: Run Behavior\ShowPageTraceBehavior [ RunTime:0.001939s ]
INFO: [ app_end ] --END-- [ RunTime:0.002229s ]

[ 2017-05-31T14:11:12+08:00 ] ::1 /forum-system/index.php/Forum/MainPost/index.html
INFO: [ app_init ] --START--
INFO: Run Behavior\BuildLiteBehavior [ RunTime:0.000027s ]
INFO: [ app_init ] --END-- [ RunTime:0.000514s ]
INFO: [ app_begin ] --START--
INFO: Run Behavior\ReadHtmlCacheBehavior [ RunTime:0.000760s ]
INFO: [ app_begin ] --END-- [ RunTime:0.000894s ]
SQL: SHOW COLUMNS FROM `tfor_class` [ RunTime:0.0110s ]
SQL: SELECT `for_class` FROM `tfor_class`  [ RunTime:0.0004s ]
SQL: SHOW COLUMNS FROM `tfor_main` [ RunTime:0.0105s ]
SQL: SELECT COUNT(*) AS tp_count FROM `tfor_main` WHERE ( for_flag=1 ) ORDER BY `for_time` desc LIMIT 1   [ RunTime:0.0005s ]
SQL: SELECT * FROM `tfor_main` LEFT JOIN tfor_detail ON tfor_main.for_id = tfor_detail.for_id  WHERE ( for_flag=1 ) ORDER BY `for_num` desc,`for_time` LIMIT 0,20   [ RunTime:0.0010s ]
SQL: SHOW COLUMNS FROM `tfor_circular` [ RunTime:0.0089s ]
SQL: SELECT `for_num`,`for_title` FROM `tfor_circular` ORDER BY `for_time` desc LIMIT 5   [ RunTime:0.0004s ]
NOTIC: [8] Undefined index: name C:\wamp\www\forum-system\Application\Forum\Controller\MainPostController.class.php 第 26 行.
INFO: [ view_parse ] --START--
INFO: [ template_filter ] --START--
INFO: Run Behavior\ContentReplaceBehavior [ RunTime:0.000131s ]
INFO: [ template_filter ] --END-- [ RunTime:0.000255s ]
INFO: Run Behavior\ParseTemplateBehavior [ RunTime:0.089498s ]
INFO: [ view_parse ] --END-- [ RunTime:0.089648s ]
INFO: [ view_filter ] --START--
INFO: Run Behavior\WriteHtmlCacheBehavior [ RunTime:0.000746s ]
INFO: [ view_filter ] --END-- [ RunTime:0.000859s ]
INFO: [ app_end ] --START--
INFO: Run Behavior\ShowPageTraceBehavior [ RunTime:0.002050s ]
INFO: [ app_end ] --END-- [ RunTime:0.002408s ]

[ 2017-05-31T14:11:14+08:00 ] ::1 /forum-system/index.php/Forum/ReplyPost/index.html?for_num=25
INFO: [ app_init ] --START--
INFO: Run Behavior\BuildLiteBehavior [ RunTime:0.000026s ]
INFO: [ app_init ] --END-- [ RunTime:0.000499s ]
INFO: [ app_begin ] --START--
INFO: Run Behavior\ReadHtmlCacheBehavior [ RunTime:0.000754s ]
INFO: [ app_begin ] --END-- [ RunTime:0.000875s ]
SQL: SHOW COLUMNS FROM `tfor_class` [ RunTime:0.0106s ]
SQL: SELECT `for_class` FROM `tfor_class`  [ RunTime:0.0005s ]
SQL: SHOW COLUMNS FROM `tfor_main` [ RunTime:0.0087s ]
SQL: SELECT * FROM `tfor_main` LEFT JOIN tfor_detail ON tfor_main.for_id = tfor_detail.for_id  WHERE `for_num` = '25' OR `for_flag` = 3 LIMIT 1   [ RunTime:0.0007s ]
SQL: SHOW COLUMNS FROM `tfor_reply` [ RunTime:0.0102s ]
SQL: SELECT COUNT(*) AS tp_count FROM `tfor_reply` WHERE `for_fatherid` = 25 LIMIT 1   [ RunTime:0.0004s ]
SQL: SELECT * FROM `tfor_reply` LEFT JOIN tfor_detail ON tfor_reply.for_id = tfor_detail.for_id  WHERE `for_fatherid` = '25' LIMIT 0,10   [ RunTime:0.0006s ]
NOTIC: [8] Undefined index: name C:\wamp\www\forum-system\Application\Forum\Controller\ReplyPostController.class.php 第 63 行.
INFO: [ view_parse ] --START--
INFO: [ template_filter ] --START--
INFO: Run Behavior\ContentReplaceBehavior [ RunTime:0.000144s ]
INFO: [ template_filter ] --END-- [ RunTime:0.000261s ]
INFO: Run Behavior\ParseTemplateBehavior [ RunTime:0.020891s ]
INFO: [ view_parse ] --END-- [ RunTime:0.021017s ]
INFO: [ view_filter ] --START--
INFO: Run Behavior\WriteHtmlCacheBehavior [ RunTime:0.000718s ]
INFO: [ view_filter ] --END-- [ RunTime:0.000828s ]
INFO: [ app_end ] --START--
INFO: Run Behavior\ShowPageTraceBehavior [ RunTime:0.001461s ]
INFO: [ app_end ] --END-- [ RunTime:0.001694s ]

[ 2017-05-31T14:11:22+08:00 ] ::1 /forum-system/index.php/Forum/ReplyPost/index.html
INFO: [ app_init ] --START--
INFO: Run Behavior\BuildLiteBehavior [ RunTime:0.000042s ]
INFO: [ app_init ] --END-- [ RunTime:0.000705s ]
INFO: [ app_begin ] --START--
INFO: Run Behavior\ReadHtmlCacheBehavior [ RunTime:0.001081s ]
INFO: [ app_begin ] --END-- [ RunTime:0.001290s ]

[ 2017-05-31T14:11:22+08:00 ] ::1 /forum-system/index.php/Forum/Login/login.html
INFO: [ app_init ] --START--
INFO: Run Behavior\BuildLiteBehavior [ RunTime:0.000057s ]
INFO: [ app_init ] --END-- [ RunTime:0.000964s ]
INFO: [ app_begin ] --START--
INFO: Run Behavior\ReadHtmlCacheBehavior [ RunTime:0.001998s ]
INFO: [ app_begin ] --END-- [ RunTime:0.002438s ]
INFO: [ view_parse ] --START--
INFO: [ template_filter ] --START--
INFO: Run Behavior\ContentReplaceBehavior [ RunTime:0.000181s ]
INFO: [ template_filter ] --END-- [ RunTime:0.000317s ]
INFO: Run Behavior\ParseTemplateBehavior [ RunTime:0.021451s ]
INFO: [ view_parse ] --END-- [ RunTime:0.021716s ]
INFO: [ view_filter ] --START--
INFO: Run Behavior\WriteHtmlCacheBehavior [ RunTime:0.000761s ]
INFO: [ view_filter ] --END-- [ RunTime:0.000930s ]
INFO: [ app_end ] --START--
INFO: Run Behavior\ShowPageTraceBehavior [ RunTime:0.001651s ]
INFO: [ app_end ] --END-- [ RunTime:0.001928s ]

[ 2017-05-31T14:11:37+08:00 ] ::1 /forum-system/index.php/Forum/Login/login.html
INFO: [ app_init ] --START--
INFO: Run Behavior\BuildLiteBehavior [ RunTime:0.000027s ]
INFO: [ app_init ] --END-- [ RunTime:0.000484s ]
INFO: [ app_begin ] --START--
INFO: Run Behavior\ReadHtmlCacheBehavior [ RunTime:0.000776s ]
INFO: [ app_begin ] --END-- [ RunTime:0.001030s ]
SQL: SHOW COLUMNS FROM `tfor_user` [ RunTime:0.0117s ]
SQL: SELECT COUNT(*) AS tp_count FROM `tfor_user` WHERE `for_id` = 2013000061 LIMIT 1   [ RunTime:0.0003s ]
SQL: SELECT `for_password` FROM `tfor_user` WHERE `for_id` = 2013000061 LIMIT 1   [ RunTime:0.0003s ]
INFO: [ view_parse ] --START--
INFO: [ template_filter ] --START--
INFO: Run Behavior\ContentReplaceBehavior [ RunTime:0.000084s ]
INFO: [ template_filter ] --END-- [ RunTime:0.000254s ]
INFO: Run Behavior\ParseTemplateBehavior [ RunTime:0.008871s ]
INFO: [ view_parse ] --END-- [ RunTime:0.009013s ]
INFO: [ view_filter ] --START--
INFO: Run Behavior\WriteHtmlCacheBehavior [ RunTime:0.000406s ]
INFO: [ view_filter ] --END-- [ RunTime:0.000532s ]
INFO: [ app_end ] --START--
INFO: Run Behavior\ShowPageTraceBehavior [ RunTime:0.000674s ]
INFO: [ app_end ] --END-- [ RunTime:0.000783s ]

[ 2017-05-31T14:11:38+08:00 ] ::1 /forum-system/index.php/Forum/MainPost/index.html
INFO: [ app_init ] --START--
INFO: Run Behavior\BuildLiteBehavior [ RunTime:0.000050s ]
INFO: [ app_init ] --END-- [ RunTime:0.000756s ]
INFO: [ app_begin ] --START--
INFO: Run Behavior\ReadHtmlCacheBehavior [ RunTime:0.000575s ]
INFO: [ app_begin ] --END-- [ RunTime:0.000732s ]
SQL: SHOW COLUMNS FROM `tfor_class` [ RunTime:0.0229s ]
SQL: SELECT `for_class` FROM `tfor_class`  [ RunTime:0.0003s ]
SQL: SHOW COLUMNS FROM `tfor_main` [ RunTime:0.0105s ]
SQL: SELECT COUNT(*) AS tp_count FROM `tfor_main` WHERE ( for_flag=1 ) ORDER BY `for_time` desc LIMIT 1   [ RunTime:0.0004s ]
SQL: SELECT * FROM `tfor_main` LEFT JOIN tfor_detail ON tfor_main.for_id = tfor_detail.for_id  WHERE ( for_flag=1 ) ORDER BY `for_num` desc,`for_time` LIMIT 0,20   [ RunTime:0.0009s ]
SQL: SHOW COLUMNS FROM `tfor_circular` [ RunTime:0.0100s ]
SQL: SELECT `for_num`,`for_title` FROM `tfor_circular` ORDER BY `for_time` desc LIMIT 5   [ RunTime:0.0004s ]
SQL: SHOW COLUMNS FROM `tfor_detail` [ RunTime:0.0092s ]
SQL: SELECT `for_head` FROM `tfor_detail` WHERE `for_id` = 2013000061 LIMIT 1   [ RunTime:0.0004s ]
INFO: [ view_parse ] --START--
INFO: [ template_filter ] --START--
INFO: Run Behavior\ContentReplaceBehavior [ RunTime:0.000126s ]
INFO: [ template_filter ] --END-- [ RunTime:0.000244s ]
INFO: Run Behavior\ParseTemplateBehavior [ RunTime:0.099213s ]
INFO: [ view_parse ] --END-- [ RunTime:0.099446s ]
INFO: [ view_filter ] --START--
INFO: Run Behavior\WriteHtmlCacheBehavior [ RunTime:0.000608s ]
INFO: [ view_filter ] --END-- [ RunTime:0.000798s ]
INFO: [ app_end ] --START--
INFO: Run Behavior\ShowPageTraceBehavior [ RunTime:0.001507s ]
INFO: [ app_end ] --END-- [ RunTime:0.001801s ]

[ 2017-05-31T14:11:44+08:00 ] ::1 /forum-system/index.php/Forum/UserDetail/index.html
INFO: [ app_init ] --START--
INFO: Run Behavior\BuildLiteBehavior [ RunTime:0.000026s ]
INFO: [ app_init ] --END-- [ RunTime:0.000446s ]
INFO: [ app_begin ] --START--
INFO: Run Behavior\ReadHtmlCacheBehavior [ RunTime:0.000480s ]
INFO: [ app_begin ] --END-- [ RunTime:0.000601s ]
NOTIC: [2048] Declaration of Forum\Controller\UserDetailController::show() should be compatible with Think\Controller::show($content, $charset = '', $contentType = '', $prefix = '') C:\wamp\www\forum-system\Application\Forum\Controller\UserDetailController.class.php 第 7 行.
SQL: SHOW COLUMNS FROM `tfor_detail` [ RunTime:0.0379s ]
SQL: SELECT * FROM `tfor_detail` WHERE `for_id` = 2013000061 LIMIT 1   [ RunTime:0.0005s ]
INFO: [ view_parse ] --START--
INFO: [ template_filter ] --START--
INFO: Run Behavior\ContentReplaceBehavior [ RunTime:0.000242s ]
INFO: [ template_filter ] --END-- [ RunTime:0.000480s ]
INFO: Run Behavior\ParseTemplateBehavior [ RunTime:0.155989s ]
INFO: [ view_parse ] --END-- [ RunTime:0.156235s ]
INFO: [ view_filter ] --START--
INFO: Run Behavior\WriteHtmlCacheBehavior [ RunTime:0.000416s ]
INFO: [ view_filter ] --END-- [ RunTime:0.000558s ]
INFO: [ app_end ] --START--
INFO: Run Behavior\ShowPageTraceBehavior [ RunTime:0.005488s ]
INFO: [ app_end ] --END-- [ RunTime:0.006375s ]

[ 2017-05-31T14:11:54+08:00 ] ::1 /forum-system/index.php/Forum/ReplyPost/index.html?for_num=24
INFO: [ app_init ] --START--
INFO: Run Behavior\BuildLiteBehavior [ RunTime:0.000026s ]
INFO: [ app_init ] --END-- [ RunTime:0.000415s ]
INFO: [ app_begin ] --START--
INFO: Run Behavior\ReadHtmlCacheBehavior [ RunTime:0.000512s ]
INFO: [ app_begin ] --END-- [ RunTime:0.000632s ]
SQL: SHOW COLUMNS FROM `tfor_class` [ RunTime:0.0259s ]
SQL: SELECT `for_class` FROM `tfor_class`  [ RunTime:0.0004s ]
SQL: SHOW COLUMNS FROM `tfor_main` [ RunTime:0.0103s ]
SQL: SELECT * FROM `tfor_main` LEFT JOIN tfor_detail ON tfor_main.for_id = tfor_detail.for_id  WHERE `for_num` = '24' OR `for_flag` = 3 LIMIT 1   [ RunTime:0.0008s ]
SQL: SHOW COLUMNS FROM `tfor_reply` [ RunTime:0.0081s ]
SQL: SELECT COUNT(*) AS tp_count FROM `tfor_reply` WHERE `for_fatherid` = 24 LIMIT 1   [ RunTime:0.0004s ]
SQL: SELECT * FROM `tfor_reply` LEFT JOIN tfor_detail ON tfor_reply.for_id = tfor_detail.for_id  WHERE `for_fatherid` = '24' LIMIT 0,10   [ RunTime:0.0006s ]
SQL: SHOW COLUMNS FROM `tfor_detail` [ RunTime:0.0106s ]
SQL: SELECT `for_head` FROM `tfor_detail` WHERE `for_id` = 2013000061 LIMIT 1   [ RunTime:0.0004s ]
INFO: [ view_parse ] --START--
INFO: [ template_filter ] --START--
INFO: Run Behavior\ContentReplaceBehavior [ RunTime:0.000139s ]
INFO: [ template_filter ] --END-- [ RunTime:0.000257s ]
INFO: Run Behavior\ParseTemplateBehavior [ RunTime:0.067230s ]
INFO: [ view_parse ] --END-- [ RunTime:0.067356s ]
INFO: [ view_filter ] --START--
INFO: Run Behavior\WriteHtmlCacheBehavior [ RunTime:0.000406s ]
INFO: [ view_filter ] --END-- [ RunTime:0.000509s ]
INFO: [ app_end ] --START--
INFO: Run Behavior\ShowPageTraceBehavior [ RunTime:0.001395s ]
INFO: [ app_end ] --END-- [ RunTime:0.001647s ]

[ 2017-05-31T14:12:00+08:00 ] ::1 /forum-system/index.php/Forum/ReplyPost/index.html?for_num=23
INFO: [ app_init ] --START--
INFO: Run Behavior\BuildLiteBehavior [ RunTime:0.000040s ]
INFO: [ app_init ] --END-- [ RunTime:0.000440s ]
INFO: [ app_begin ] --START--
INFO: Run Behavior\ReadHtmlCacheBehavior [ RunTime:0.000621s ]
INFO: [ app_begin ] --END-- [ RunTime:0.000869s ]
SQL: SHOW COLUMNS FROM `tfor_class` [ RunTime:0.0113s ]
SQL: SELECT `for_class` FROM `tfor_class`  [ RunTime:0.0004s ]
SQL: SHOW COLUMNS FROM `tfor_main` [ RunTime:0.0088s ]
SQL: SELECT * FROM `tfor_main` LEFT JOIN tfor_detail ON tfor_main.for_id = tfor_detail.for_id  WHERE `for_num` = '23' OR `for_flag` = 3 LIMIT 1   [ RunTime:0.0008s ]
SQL: SHOW COLUMNS FROM `tfor_reply` [ RunTime:0.0083s ]
SQL: SELECT COUNT(*) AS tp_count FROM `tfor_reply` WHERE `for_fatherid` = 23 LIMIT 1   [ RunTime:0.0004s ]
SQL: SELECT * FROM `tfor_reply` LEFT JOIN tfor_detail ON tfor_reply.for_id = tfor_detail.for_id  WHERE `for_fatherid` = '23' LIMIT 0,10   [ RunTime:0.0005s ]
SQL: SHOW COLUMNS FROM `tfor_detail` [ RunTime:0.0084s ]
SQL: SELECT `for_head` FROM `tfor_detail` WHERE `for_id` = 2013000061 LIMIT 1   [ RunTime:0.0004s ]
INFO: [ view_parse ] --START--
INFO: [ template_filter ] --START--
INFO: Run Behavior\ContentReplaceBehavior [ RunTime:0.000153s ]
INFO: [ template_filter ] --END-- [ RunTime:0.000303s ]
INFO: Run Behavior\ParseTemplateBehavior [ RunTime:0.069921s ]
INFO: [ view_parse ] --END-- [ RunTime:0.070047s ]
INFO: [ view_filter ] --START--
INFO: Run Behavior\WriteHtmlCacheBehavior [ RunTime:0.000542s ]
INFO: [ view_filter ] --END-- [ RunTime:0.000671s ]
INFO: [ app_end ] --START--
INFO: Run Behavior\ShowPageTraceBehavior [ RunTime:0.001297s ]
INFO: [ app_end ] --END-- [ RunTime:0.001556s ]

[ 2017-05-31T14:12:05+08:00 ] ::1 /forum-system/index.php/Forum/ReplyPost/index.html?for_num=21
INFO: [ app_init ] --START--
INFO: Run Behavior\BuildLiteBehavior [ RunTime:0.000032s ]
INFO: [ app_init ] --END-- [ RunTime:0.000408s ]
INFO: [ app_begin ] --START--
INFO: Run Behavior\ReadHtmlCacheBehavior [ RunTime:0.000633s ]
INFO: [ app_begin ] --END-- [ RunTime:0.000832s ]
SQL: SHOW COLUMNS FROM `tfor_class` [ RunTime:0.0230s ]
SQL: SELECT `for_class` FROM `tfor_class`  [ RunTime:0.0004s ]
SQL: SHOW COLUMNS FROM `tfor_main` [ RunTime:0.0096s ]
SQL: SELECT * FROM `tfor_main` LEFT JOIN tfor_detail ON tfor_main.for_id = tfor_detail.for_id  WHERE `for_num` = '21' OR `for_flag` = 3 LIMIT 1   [ RunTime:0.0008s ]
SQL: SHOW COLUMNS FROM `tfor_reply` [ RunTime:0.0117s ]
SQL: SELECT COUNT(*) AS tp_count FROM `tfor_reply` WHERE `for_fatherid` = 21 LIMIT 1   [ RunTime:0.0004s ]
SQL: SELECT * FROM `tfor_reply` LEFT JOIN tfor_detail ON tfor_reply.for_id = tfor_detail.for_id  WHERE `for_fatherid` = '21' LIMIT 0,10   [ RunTime:0.0006s ]
SQL: SHOW COLUMNS FROM `tfor_detail` [ RunTime:0.0089s ]
SQL: SELECT `for_head` FROM `tfor_detail` WHERE `for_id` = 2013000061 LIMIT 1   [ RunTime:0.0004s ]
INFO: [ view_parse ] --START--
INFO: [ template_filter ] --START--
INFO: Run Behavior\ContentReplaceBehavior [ RunTime:0.000139s ]
INFO: [ template_filter ] --END-- [ RunTime:0.000260s ]
INFO: Run Behavior\ParseTemplateBehavior [ RunTime:0.068462s ]
INFO: [ view_parse ] --END-- [ RunTime:0.068596s ]
INFO: [ view_filter ] --START--
INFO: Run Behavior\WriteHtmlCacheBehavior [ RunTime:0.000458s ]
INFO: [ view_filter ] --END-- [ RunTime:0.000564s ]
INFO: [ app_end ] --START--
INFO: Run Behavior\ShowPageTraceBehavior [ RunTime:0.001373s ]
INFO: [ app_end ] --END-- [ RunTime:0.001691s ]

[ 2017-05-31T14:12:08+08:00 ] ::1 /forum-system/index.php/Forum/ReplyPost/index.html?for_num=18
INFO: [ app_init ] --START--
INFO: Run Behavior\BuildLiteBehavior [ RunTime:0.000035s ]
INFO: [ app_init ] --END-- [ RunTime:0.000656s ]
INFO: [ app_begin ] --START--
INFO: Run Behavior\ReadHtmlCacheBehavior [ RunTime:0.000554s ]
INFO: [ app_begin ] --END-- [ RunTime:0.000689s ]
SQL: SHOW COLUMNS FROM `tfor_class` [ RunTime:0.0113s ]
SQL: SELECT `for_class` FROM `tfor_class`  [ RunTime:0.0004s ]
SQL: SHOW COLUMNS FROM `tfor_main` [ RunTime:0.0108s ]
SQL: SELECT * FROM `tfor_main` LEFT JOIN tfor_detail ON tfor_main.for_id = tfor_detail.for_id  WHERE `for_num` = '18' OR `for_flag` = 3 LIMIT 1   [ RunTime:0.0008s ]
SQL: SHOW COLUMNS FROM `tfor_reply` [ RunTime:0.0088s ]
SQL: SELECT COUNT(*) AS tp_count FROM `tfor_reply` WHERE `for_fatherid` = 18 LIMIT 1   [ RunTime:0.0005s ]
SQL: SELECT * FROM `tfor_reply` LEFT JOIN tfor_detail ON tfor_reply.for_id = tfor_detail.for_id  WHERE `for_fatherid` = '18' LIMIT 0,10   [ RunTime:0.0005s ]
SQL: SHOW COLUMNS FROM `tfor_detail` [ RunTime:0.0084s ]
SQL: SELECT `for_head` FROM `tfor_detail` WHERE `for_id` = 2013000061 LIMIT 1   [ RunTime:0.0004s ]
INFO: [ view_parse ] --START--
INFO: [ template_filter ] --START--
INFO: Run Behavior\ContentReplaceBehavior [ RunTime:0.000140s ]
INFO: [ template_filter ] --END-- [ RunTime:0.000262s ]
INFO: Run Behavior\ParseTemplateBehavior [ RunTime:0.068795s ]
INFO: [ view_parse ] --END-- [ RunTime:0.068919s ]
INFO: [ view_filter ] --START--
INFO: Run Behavior\WriteHtmlCacheBehavior [ RunTime:0.000418s ]
INFO: [ view_filter ] --END-- [ RunTime:0.000525s ]
INFO: [ app_end ] --START--
INFO: Run Behavior\ShowPageTraceBehavior [ RunTime:0.001317s ]
INFO: [ app_end ] --END-- [ RunTime:0.001533s ]

[ 2017-05-31T14:12:12+08:00 ] ::1 /forum-system/index.php/Forum/MainPost/order.html?for_class=%E6%95%B0%E5%AD%A6%E5%BB%BA%E6%A8%A1
INFO: [ app_init ] --START--
INFO: Run Behavior\BuildLiteBehavior [ RunTime:0.000026s ]
INFO: [ app_init ] --END-- [ RunTime:0.000641s ]
INFO: [ app_begin ] --START--
INFO: Run Behavior\ReadHtmlCacheBehavior [ RunTime:0.000478s ]
INFO: [ app_begin ] --END-- [ RunTime:0.000597s ]
SQL: SHOW COLUMNS FROM `tfor_class` [ RunTime:0.0237s ]
SQL: SELECT `for_class` FROM `tfor_class`  [ RunTime:0.0004s ]
SQL: SHOW COLUMNS FROM `tfor_main` [ RunTime:0.0100s ]
SQL: SELECT COUNT(*) AS tp_count FROM `tfor_main` WHERE `for_class` = '数学建模' AND `for_flag` = 1 LIMIT 1   [ RunTime:0.0006s ]
SQL: SELECT * FROM `tfor_main` LEFT JOIN tfor_detail ON tfor_main.for_id = tfor_detail.for_id  WHERE `for_class` = '数学建模' AND `for_flag` = 1 ORDER BY `for_num` desc,`for_time` LIMIT 0,10   [ RunTime:0.0008s ]
SQL: SHOW COLUMNS FROM `tfor_detail` [ RunTime:0.0079s ]
SQL: SELECT `for_head` FROM `tfor_detail` WHERE `for_id` = 2013000061 LIMIT 1   [ RunTime:0.0003s ]
INFO: [ view_parse ] --START--
INFO: [ template_filter ] --START--
INFO: Run Behavior\ContentReplaceBehavior [ RunTime:0.000122s ]
INFO: [ template_filter ] --END-- [ RunTime:0.000247s ]
INFO: Run Behavior\ParseTemplateBehavior [ RunTime:0.066467s ]
INFO: [ view_parse ] --END-- [ RunTime:0.066593s ]
INFO: [ view_filter ] --START--
INFO: Run Behavior\WriteHtmlCacheBehavior [ RunTime:0.000629s ]
INFO: [ view_filter ] --END-- [ RunTime:0.000752s ]
INFO: [ app_end ] --START--
INFO: Run Behavior\ShowPageTraceBehavior [ RunTime:0.001010s ]
INFO: [ app_end ] --END-- [ RunTime:0.001194s ]

[ 2017-05-31T14:12:14+08:00 ] ::1 /forum-system/index.php/Forum/ReplyPost/index.html?for_num=28
INFO: [ app_init ] --START--
INFO: Run Behavior\BuildLiteBehavior [ RunTime:0.000026s ]
INFO: [ app_init ] --END-- [ RunTime:0.000481s ]
INFO: [ app_begin ] --START--
INFO: Run Behavior\ReadHtmlCacheBehavior [ RunTime:0.000507s ]
INFO: [ app_begin ] --END-- [ RunTime:0.000625s ]
SQL: SHOW COLUMNS FROM `tfor_class` [ RunTime:0.0250s ]
SQL: SELECT `for_class` FROM `tfor_class`  [ RunTime:0.0004s ]
SQL: SHOW COLUMNS FROM `tfor_main` [ RunTime:0.0085s ]
SQL: SELECT * FROM `tfor_main` LEFT JOIN tfor_detail ON tfor_main.for_id = tfor_detail.for_id  WHERE `for_num` = '28' OR `for_flag` = 3 LIMIT 1   [ RunTime:0.0007s ]
SQL: SHOW COLUMNS FROM `tfor_reply` [ RunTime:0.0091s ]
SQL: SELECT COUNT(*) AS tp_count FROM `tfor_reply` WHERE `for_fatherid` = 28 LIMIT 1   [ RunTime:0.0004s ]
SQL: SELECT * FROM `tfor_reply` LEFT JOIN tfor_detail ON tfor_reply.for_id = tfor_detail.for_id  WHERE `for_fatherid` = '28' LIMIT 0,10   [ RunTime:0.0006s ]
SQL: SHOW COLUMNS FROM `tfor_detail` [ RunTime:0.0086s ]
SQL: SELECT `for_head` FROM `tfor_detail` WHERE `for_id` = 2013000061 LIMIT 1   [ RunTime:0.0004s ]
INFO: [ view_parse ] --START--
INFO: [ template_filter ] --START--
INFO: Run Behavior\ContentReplaceBehavior [ RunTime:0.000245s ]
INFO: [ template_filter ] --END-- [ RunTime:0.000401s ]
INFO: Run Behavior\ParseTemplateBehavior [ RunTime:0.018361s ]
INFO: [ view_parse ] --END-- [ RunTime:0.018502s ]
INFO: [ view_filter ] --START--
INFO: Run Behavior\WriteHtmlCacheBehavior [ RunTime:0.000433s ]
INFO: [ view_filter ] --END-- [ RunTime:0.000537s ]
INFO: [ app_end ] --START--
INFO: Run Behavior\ShowPageTraceBehavior [ RunTime:0.000997s ]
INFO: [ app_end ] --END-- [ RunTime:0.001189s ]

[ 2017-05-31T14:12:18+08:00 ] ::1 /forum-system/index.php/Forum/ReplyPost/index.html?for_num=26
INFO: [ app_init ] --START--
INFO: Run Behavior\BuildLiteBehavior [ RunTime:0.000027s ]
INFO: [ app_init ] --END-- [ RunTime:0.000458s ]
INFO: [ app_begin ] --START--
INFO: Run Behavior\ReadHtmlCacheBehavior [ RunTime:0.000513s ]
INFO: [ app_begin ] --END-- [ RunTime:0.000677s ]
SQL: SHOW COLUMNS FROM `tfor_class` [ RunTime:0.0113s ]
SQL: SELECT `for_class` FROM `tfor_class`  [ RunTime:0.0004s ]
SQL: SHOW COLUMNS FROM `tfor_main` [ RunTime:0.0101s ]
SQL: SELECT * FROM `tfor_main` LEFT JOIN tfor_detail ON tfor_main.for_id = tfor_detail.for_id  WHERE `for_num` = '26' OR `for_flag` = 3 LIMIT 1   [ RunTime:0.0007s ]
SQL: SHOW COLUMNS FROM `tfor_reply` [ RunTime:0.0094s ]
SQL: SELECT COUNT(*) AS tp_count FROM `tfor_reply` WHERE `for_fatherid` = 26 LIMIT 1   [ RunTime:0.0004s ]
SQL: SELECT * FROM `tfor_reply` LEFT JOIN tfor_detail ON tfor_reply.for_id = tfor_detail.for_id  WHERE `for_fatherid` = '26' LIMIT 0,10   [ RunTime:0.0005s ]
SQL: SHOW COLUMNS FROM `tfor_detail` [ RunTime:0.0089s ]
SQL: SELECT `for_head` FROM `tfor_detail` WHERE `for_id` = 2013000061 LIMIT 1   [ RunTime:0.0004s ]
INFO: [ view_parse ] --START--
INFO: [ template_filter ] --START--
INFO: Run Behavior\ContentReplaceBehavior [ RunTime:0.000141s ]
INFO: [ template_filter ] --END-- [ RunTime:0.000263s ]
INFO: Run Behavior\ParseTemplateBehavior [ RunTime:0.066841s ]
INFO: [ view_parse ] --END-- [ RunTime:0.066968s ]
INFO: [ view_filter ] --START--
INFO: Run Behavior\WriteHtmlCacheBehavior [ RunTime:0.000480s ]
INFO: [ view_filter ] --END-- [ RunTime:0.000585s ]
INFO: [ app_end ] --START--
INFO: Run Behavior\ShowPageTraceBehavior [ RunTime:0.001032s ]
INFO: [ app_end ] --END-- [ RunTime:0.001222s ]

[ 2017-05-31T14:12:35+08:00 ] ::1 /forum-system/index.php/Forum/MainPost/order.html?for_class=%E7%A8%8B%E5%BA%8F%E9%82%A3%E4%BA%9B%E4%BA%8B
INFO: [ app_init ] --START--
INFO: Run Behavior\BuildLiteBehavior [ RunTime:0.000026s ]
INFO: [ app_init ] --END-- [ RunTime:0.000453s ]
INFO: [ app_begin ] --START--
INFO: Run Behavior\ReadHtmlCacheBehavior [ RunTime:0.000478s ]
INFO: [ app_begin ] --END-- [ RunTime:0.000598s ]
SQL: SHOW COLUMNS FROM `tfor_class` [ RunTime:0.0213s ]
SQL: SELECT `for_class` FROM `tfor_class`  [ RunTime:0.0004s ]
SQL: SHOW COLUMNS FROM `tfor_main` [ RunTime:0.0084s ]
SQL: SELECT COUNT(*) AS tp_count FROM `tfor_main` WHERE `for_class` = '程序那些事' AND `for_flag` = 1 LIMIT 1   [ RunTime:0.0005s ]
SQL: SELECT * FROM `tfor_main` LEFT JOIN tfor_detail ON tfor_main.for_id = tfor_detail.for_id  WHERE `for_class` = '程序那些事' AND `for_flag` = 1 ORDER BY `for_num` desc,`for_time` LIMIT 0,10   [ RunTime:0.0014s ]
SQL: SHOW COLUMNS FROM `tfor_detail` [ RunTime:0.0102s ]
SQL: SELECT `for_head` FROM `tfor_detail` WHERE `for_id` = 2013000061 LIMIT 1   [ RunTime:0.0004s ]
INFO: [ view_parse ] --START--
INFO: [ template_filter ] --START--
INFO: Run Behavior\ContentReplaceBehavior [ RunTime:0.000146s ]
INFO: [ template_filter ] --END-- [ RunTime:0.000266s ]
INFO: Run Behavior\ParseTemplateBehavior [ RunTime:0.058005s ]
INFO: [ view_parse ] --END-- [ RunTime:0.058133s ]
INFO: [ view_filter ] --START--
INFO: Run Behavior\WriteHtmlCacheBehavior [ RunTime:0.000440s ]
INFO: [ view_filter ] --END-- [ RunTime:0.000551s ]
INFO: [ app_end ] --START--
INFO: Run Behavior\ShowPageTraceBehavior [ RunTime:0.001706s ]
INFO: [ app_end ] --END-- [ RunTime:0.001967s ]

[ 2017-05-31T14:12:41+08:00 ] ::1 /forum-system/index.php/Forum/MainPost/order.html?for_class=%E7%BA%BF%E6%80%A7%E4%BB%A3%E6%95%B0
INFO: [ app_init ] --START--
INFO: Run Behavior\BuildLiteBehavior [ RunTime:0.000026s ]
INFO: [ app_init ] --END-- [ RunTime:0.000425s ]
INFO: [ app_begin ] --START--
INFO: Run Behavior\ReadHtmlCacheBehavior [ RunTime:0.000505s ]
INFO: [ app_begin ] --END-- [ RunTime:0.000626s ]
SQL: SHOW COLUMNS FROM `tfor_class` [ RunTime:0.0216s ]
SQL: SELECT `for_class` FROM `tfor_class`  [ RunTime:0.0004s ]
SQL: SHOW COLUMNS FROM `tfor_main` [ RunTime:0.0092s ]
SQL: SELECT COUNT(*) AS tp_count FROM `tfor_main` WHERE `for_class` = '线性代数' AND `for_flag` = 1 LIMIT 1   [ RunTime:0.0005s ]
SQL: SELECT * FROM `tfor_main` LEFT JOIN tfor_detail ON tfor_main.for_id = tfor_detail.for_id  WHERE `for_class` = '线性代数' AND `for_flag` = 1 ORDER BY `for_num` desc,`for_time` LIMIT 0,10   [ RunTime:0.0007s ]
SQL: SHOW COLUMNS FROM `tfor_detail` [ RunTime:0.0096s ]
SQL: SELECT `for_head` FROM `tfor_detail` WHERE `for_id` = 2013000061 LIMIT 1   [ RunTime:0.0003s ]
INFO: [ view_parse ] --START--
INFO: [ template_filter ] --START--
INFO: Run Behavior\ContentReplaceBehavior [ RunTime:0.000166s ]
INFO: [ template_filter ] --END-- [ RunTime:0.000326s ]
INFO: Run Behavior\ParseTemplateBehavior [ RunTime:0.063443s ]
INFO: [ view_parse ] --END-- [ RunTime:0.063591s ]
INFO: [ view_filter ] --START--
INFO: Run Behavior\WriteHtmlCacheBehavior [ RunTime:0.000481s ]
INFO: [ view_filter ] --END-- [ RunTime:0.000591s ]
INFO: [ app_end ] --START--
INFO: Run Behavior\ShowPageTraceBehavior [ RunTime:0.001485s ]
INFO: [ app_end ] --END-- [ RunTime:0.001745s ]

[ 2017-05-31T14:12:43+08:00 ] ::1 /forum-system/index.php/Forum/ReplyPost/index.html?for_num=15
INFO: [ app_init ] --START--
INFO: Run Behavior\BuildLiteBehavior [ RunTime:0.000030s ]
INFO: [ app_init ] --END-- [ RunTime:0.000497s ]
INFO: [ app_begin ] --START--
INFO: Run Behavior\ReadHtmlCacheBehavior [ RunTime:0.000537s ]
INFO: [ app_begin ] --END-- [ RunTime:0.000669s ]
SQL: SHOW COLUMNS FROM `tfor_class` [ RunTime:0.0260s ]
SQL: SELECT `for_class` FROM `tfor_class`  [ RunTime:0.0005s ]
SQL: SHOW COLUMNS FROM `tfor_main` [ RunTime:0.0120s ]
SQL: SELECT * FROM `tfor_main` LEFT JOIN tfor_detail ON tfor_main.for_id = tfor_detail.for_id  WHERE `for_num` = '15' OR `for_flag` = 3 LIMIT 1   [ RunTime:0.0008s ]
SQL: SHOW COLUMNS FROM `tfor_reply` [ RunTime:0.0092s ]
SQL: SELECT COUNT(*) AS tp_count FROM `tfor_reply` WHERE `for_fatherid` = 15 LIMIT 1   [ RunTime:0.0004s ]
SQL: SELECT * FROM `tfor_reply` LEFT JOIN tfor_detail ON tfor_reply.for_id = tfor_detail.for_id  WHERE `for_fatherid` = '15' LIMIT 0,10   [ RunTime:0.0006s ]
SQL: SHOW COLUMNS FROM `tfor_detail` [ RunTime:0.0097s ]
SQL: SELECT `for_head` FROM `tfor_detail` WHERE `for_id` = 2013000061 LIMIT 1   [ RunTime:0.0004s ]
INFO: [ view_parse ] --START--
INFO: [ template_filter ] --START--
INFO: Run Behavior\ContentReplaceBehavior [ RunTime:0.000154s ]
INFO: [ template_filter ] --END-- [ RunTime:0.000286s ]
INFO: Run Behavior\ParseTemplateBehavior [ RunTime:0.021199s ]
INFO: [ view_parse ] --END-- [ RunTime:0.021345s ]
INFO: [ view_filter ] --START--
INFO: Run Behavior\WriteHtmlCacheBehavior [ RunTime:0.000489s ]
INFO: [ view_filter ] --END-- [ RunTime:0.000611s ]
INFO: [ app_end ] --START--
INFO: Run Behavior\ShowPageTraceBehavior [ RunTime:0.001259s ]
INFO: [ app_end ] --END-- [ RunTime:0.001509s ]

[ 2017-05-31T14:12:46+08:00 ] ::1 /forum-system/index.php/Forum/MainPost/order.html?for_class=%E9%87%8D%E7%A7%91%E5%92%8C%E6%88%91%E7%9A%84%E6%95%85%E4%BA%8B
INFO: [ app_init ] --START--
INFO: Run Behavior\BuildLiteBehavior [ RunTime:0.000026s ]
INFO: [ app_init ] --END-- [ RunTime:0.000416s ]
INFO: [ app_begin ] --START--
INFO: Run Behavior\ReadHtmlCacheBehavior [ RunTime:0.000500s ]
INFO: [ app_begin ] --END-- [ RunTime:0.000620s ]
SQL: SHOW COLUMNS FROM `tfor_class` [ RunTime:0.0130s ]
SQL: SELECT `for_class` FROM `tfor_class`  [ RunTime:0.0004s ]
SQL: SHOW COLUMNS FROM `tfor_main` [ RunTime:0.0087s ]
SQL: SELECT COUNT(*) AS tp_count FROM `tfor_main` WHERE `for_class` = '重科和我的故事' AND `for_flag` = 1 LIMIT 1   [ RunTime:0.0005s ]
SQL: SELECT * FROM `tfor_main` LEFT JOIN tfor_detail ON tfor_main.for_id = tfor_detail.for_id  WHERE `for_class` = '重科和我的故事' AND `for_flag` = 1 ORDER BY `for_num` desc,`for_time` LIMIT 0,10   [ RunTime:0.0008s ]
SQL: SHOW COLUMNS FROM `tfor_detail` [ RunTime:0.0102s ]
SQL: SELECT `for_head` FROM `tfor_detail` WHERE `for_id` = 2013000061 LIMIT 1   [ RunTime:0.0003s ]
INFO: [ view_parse ] --START--
INFO: [ template_filter ] --START--
INFO: Run Behavior\ContentReplaceBehavior [ RunTime:0.000130s ]
INFO: [ template_filter ] --END-- [ RunTime:0.000260s ]
INFO: Run Behavior\ParseTemplateBehavior [ RunTime:0.063268s ]
INFO: [ view_parse ] --END-- [ RunTime:0.063390s ]
INFO: [ view_filter ] --START--
INFO: Run Behavior\WriteHtmlCacheBehavior [ RunTime:0.000391s ]
INFO: [ view_filter ] --END-- [ RunTime:0.000520s ]
INFO: [ app_end ] --START--
INFO: Run Behavior\ShowPageTraceBehavior [ RunTime:0.001047s ]
INFO: [ app_end ] --END-- [ RunTime:0.001184s ]

[ 2017-05-31T14:12:49+08:00 ] ::1 /forum-system/index.php/Forum/MainPost/order.html?for_class=%E9%AB%98%E7%AD%89%E4%BB%A3%E6%95%B0
INFO: [ app_init ] --START--
INFO: Run Behavior\BuildLiteBehavior [ RunTime:0.000060s ]
INFO: [ app_init ] --END-- [ RunTime:0.000661s ]
INFO: [ app_begin ] --START--
INFO: Run Behavior\ReadHtmlCacheBehavior [ RunTime:0.000896s ]
INFO: [ app_begin ] --END-- [ RunTime:0.001147s ]
SQL: SHOW COLUMNS FROM `tfor_class` [ RunTime:0.0270s ]
SQL: SELECT `for_class` FROM `tfor_class`  [ RunTime:0.0003s ]
SQL: SHOW COLUMNS FROM `tfor_main` [ RunTime:0.0099s ]
SQL: SELECT COUNT(*) AS tp_count FROM `tfor_main` WHERE `for_class` = '高等代数' AND `for_flag` = 1 LIMIT 1   [ RunTime:0.0004s ]
SQL: SELECT * FROM `tfor_main` LEFT JOIN tfor_detail ON tfor_main.for_id = tfor_detail.for_id  WHERE `for_class` = '高等代数' AND `for_flag` = 1 ORDER BY `for_num` desc,`for_time` LIMIT 0,10   [ RunTime:0.0010s ]
SQL: SHOW COLUMNS FROM `tfor_detail` [ RunTime:0.0107s ]
SQL: SELECT `for_head` FROM `tfor_detail` WHERE `for_id` = 2013000061 LIMIT 1   [ RunTime:0.0004s ]
INFO: [ view_parse ] --START--
INFO: [ template_filter ] --START--
INFO: Run Behavior\ContentReplaceBehavior [ RunTime:0.000239s ]
INFO: [ template_filter ] --END-- [ RunTime:0.000480s ]
INFO: Run Behavior\ParseTemplateBehavior [ RunTime:0.029563s ]
INFO: [ view_parse ] --END-- [ RunTime:0.029772s ]
INFO: [ view_filter ] --START--
INFO: Run Behavior\WriteHtmlCacheBehavior [ RunTime:0.000700s ]
INFO: [ view_filter ] --END-- [ RunTime:0.000918s ]
INFO: [ app_end ] --START--
INFO: Run Behavior\ShowPageTraceBehavior [ RunTime:0.001367s ]
INFO: [ app_end ] --END-- [ RunTime:0.001708s ]

[ 2017-05-31T14:12:50+08:00 ] ::1 /forum-system/index.php/Forum/MainPost/order.html?for_class=%E9%87%8D%E7%A7%91%E5%92%8C%E6%88%91%E7%9A%84%E6%95%85%E4%BA%8B
INFO: [ app_init ] --START--
INFO: Run Behavior\BuildLiteBehavior [ RunTime:0.000029s ]
INFO: [ app_init ] --END-- [ RunTime:0.000478s ]
INFO: [ app_begin ] --START--
INFO: Run Behavior\ReadHtmlCacheBehavior [ RunTime:0.000534s ]
INFO: [ app_begin ] --END-- [ RunTime:0.000667s ]
SQL: SHOW COLUMNS FROM `tfor_class` [ RunTime:0.0261s ]
SQL: SELECT `for_class` FROM `tfor_class`  [ RunTime:0.0005s ]
SQL: SHOW COLUMNS FROM `tfor_main` [ RunTime:0.0109s ]
SQL: SELECT COUNT(*) AS tp_count FROM `tfor_main` WHERE `for_class` = '重科和我的故事' AND `for_flag` = 1 LIMIT 1   [ RunTime:0.0005s ]
SQL: SELECT * FROM `tfor_main` LEFT JOIN tfor_detail ON tfor_main.for_id = tfor_detail.for_id  WHERE `for_class` = '重科和我的故事' AND `for_flag` = 1 ORDER BY `for_num` desc,`for_time` LIMIT 0,10   [ RunTime:0.0007s ]
SQL: SHOW COLUMNS FROM `tfor_detail` [ RunTime:0.0102s ]
SQL: SELECT `for_head` FROM `tfor_detail` WHERE `for_id` = 2013000061 LIMIT 1   [ RunTime:0.0004s ]
INFO: [ view_parse ] --START--
INFO: [ template_filter ] --START--
INFO: Run Behavior\ContentReplaceBehavior [ RunTime:0.000181s ]
INFO: [ template_filter ] --END-- [ RunTime:0.000594s ]
INFO: Run Behavior\ParseTemplateBehavior [ RunTime:0.071144s ]
INFO: [ view_parse ] --END-- [ RunTime:0.071328s ]
INFO: [ view_filter ] --START--
INFO: Run Behavior\WriteHtmlCacheBehavior [ RunTime:0.000527s ]
INFO: [ view_filter ] --END-- [ RunTime:0.000656s ]
INFO: [ app_end ] --START--
INFO: Run Behavior\ShowPageTraceBehavior [ RunTime:0.001339s ]
INFO: [ app_end ] --END-- [ RunTime:0.001546s ]

[ 2017-05-31T14:12:51+08:00 ] ::1 /forum-system/index.php/Forum/ReplyPost/index.html?for_num=11
INFO: [ app_init ] --START--
INFO: Run Behavior\BuildLiteBehavior [ RunTime:0.000045s ]
INFO: [ app_init ] --END-- [ RunTime:0.000437s ]
INFO: [ app_begin ] --START--
INFO: Run Behavior\ReadHtmlCacheBehavior [ RunTime:0.000475s ]
INFO: [ app_begin ] --END-- [ RunTime:0.000594s ]
SQL: SHOW COLUMNS FROM `tfor_class` [ RunTime:0.0225s ]
SQL: SELECT `for_class` FROM `tfor_class`  [ RunTime:0.0004s ]
SQL: SHOW COLUMNS FROM `tfor_main` [ RunTime:0.0096s ]
SQL: SELECT * FROM `tfor_main` LEFT JOIN tfor_detail ON tfor_main.for_id = tfor_detail.for_id  WHERE `for_num` = '11' OR `for_flag` = 3 LIMIT 1   [ RunTime:0.0010s ]
SQL: SHOW COLUMNS FROM `tfor_reply` [ RunTime:0.0087s ]
SQL: SELECT COUNT(*) AS tp_count FROM `tfor_reply` WHERE `for_fatherid` = 11 LIMIT 1   [ RunTime:0.0004s ]
SQL: SELECT * FROM `tfor_reply` LEFT JOIN tfor_detail ON tfor_reply.for_id = tfor_detail.for_id  WHERE `for_fatherid` = '11' LIMIT 0,10   [ RunTime:0.0005s ]
SQL: SHOW COLUMNS FROM `tfor_detail` [ RunTime:0.0083s ]
SQL: SELECT `for_head` FROM `tfor_detail` WHERE `for_id` = 2013000061 LIMIT 1   [ RunTime:0.0003s ]
INFO: [ view_parse ] --START--
INFO: [ template_filter ] --START--
INFO: Run Behavior\ContentReplaceBehavior [ RunTime:0.000142s ]
INFO: [ template_filter ] --END-- [ RunTime:0.000271s ]
INFO: Run Behavior\ParseTemplateBehavior [ RunTime:0.020533s ]
INFO: [ view_parse ] --END-- [ RunTime:0.020687s ]
INFO: [ view_filter ] --START--
INFO: Run Behavior\WriteHtmlCacheBehavior [ RunTime:0.000522s ]
INFO: [ view_filter ] --END-- [ RunTime:0.000644s ]
INFO: [ app_end ] --START--
INFO: Run Behavior\ShowPageTraceBehavior [ RunTime:0.001315s ]
INFO: [ app_end ] --END-- [ RunTime:0.001574s ]

[ 2017-05-31T14:13:01+08:00 ] ::1 /forum-system/index.php/Forum/Operate/mainUp.html?for_num=11
INFO: [ app_init ] --START--
INFO: Run Behavior\BuildLiteBehavior [ RunTime:0.000025s ]
INFO: [ app_init ] --END-- [ RunTime:0.000447s ]
INFO: [ app_begin ] --START--
INFO: Run Behavior\ReadHtmlCacheBehavior [ RunTime:0.000497s ]
INFO: [ app_begin ] --END-- [ RunTime:0.000637s ]
SQL: SHOW COLUMNS FROM `tfor_operate1` [ RunTime:0.0219s ]
SQL: SELECT `for_up`,`for_report`,`for_down` FROM `tfor_operate1` WHERE `for_id` = 2013000061 AND `for_num` = 11 LIMIT 1   [ RunTime:0.0004s ]
SQL: INSERT INTO `tfor_operate1` (`for_id`,`for_num`,`for_up`) VALUES ('2013000061','11','1') [ RunTime:0.0023s ]
SQL: SHOW COLUMNS FROM `tfor_main` [ RunTime:0.0099s ]
SQL: SELECT `for_up` FROM `tfor_main` WHERE `for_num` = 11 LIMIT 1   [ RunTime:0.0004s ]
SQL: SELECT `for_id` FROM `tfor_main` WHERE `for_num` = 11 LIMIT 1   [ RunTime:0.0003s ]
SQL: SHOW COLUMNS FROM `tfor_detail` [ RunTime:0.0087s ]
SQL: SELECT `for_value` FROM `tfor_detail` WHERE `for_id` = 2013000001 LIMIT 1   [ RunTime:0.0004s ]
SQL: UPDATE `tfor_detail` SET `for_value`='17',`for_level`='1' WHERE `for_id` = 2013000001 [ RunTime:0.0021s ]
SQL: UPDATE `tfor_main` SET `for_up`='1' WHERE `for_num` = 11 [ RunTime:0.0019s ]
INFO: [ view_parse ] --START--
INFO: [ template_filter ] --START--
INFO: Run Behavior\ContentReplaceBehavior [ RunTime:0.000070s ]
INFO: [ template_filter ] --END-- [ RunTime:0.000190s ]
INFO: Run Behavior\ParseTemplateBehavior [ RunTime:0.006836s ]
INFO: [ view_parse ] --END-- [ RunTime:0.006975s ]
INFO: [ view_filter ] --START--
INFO: Run Behavior\WriteHtmlCacheBehavior [ RunTime:0.000379s ]
INFO: [ view_filter ] --END-- [ RunTime:0.000488s ]
INFO: [ app_end ] --START--
INFO: Run Behavior\ShowPageTraceBehavior [ RunTime:0.000741s ]
INFO: [ app_end ] --END-- [ RunTime:0.000862s ]

[ 2017-05-31T14:13:02+08:00 ] ::1 /forum-system/index.php/Forum/ReplyPost/index.html?for_num=11
INFO: [ app_init ] --START--
INFO: Run Behavior\BuildLiteBehavior [ RunTime:0.000026s ]
INFO: [ app_init ] --END-- [ RunTime:0.000415s ]
INFO: [ app_begin ] --START--
INFO: Run Behavior\ReadHtmlCacheBehavior [ RunTime:0.000556s ]
INFO: [ app_begin ] --END-- [ RunTime:0.000677s ]
SQL: SHOW COLUMNS FROM `tfor_class` [ RunTime:0.0124s ]
SQL: SELECT `for_class` FROM `tfor_class`  [ RunTime:0.0005s ]
SQL: SHOW COLUMNS FROM `tfor_main` [ RunTime:0.0091s ]
SQL: SELECT * FROM `tfor_main` LEFT JOIN tfor_detail ON tfor_main.for_id = tfor_detail.for_id  WHERE `for_num` = '11' OR `for_flag` = 3 LIMIT 1   [ RunTime:0.0008s ]
SQL: SHOW COLUMNS FROM `tfor_reply` [ RunTime:0.0102s ]
SQL: SELECT COUNT(*) AS tp_count FROM `tfor_reply` WHERE `for_fatherid` = 11 LIMIT 1   [ RunTime:0.0004s ]
SQL: SELECT * FROM `tfor_reply` LEFT JOIN tfor_detail ON tfor_reply.for_id = tfor_detail.for_id  WHERE `for_fatherid` = '11' LIMIT 0,10   [ RunTime:0.0005s ]
SQL: SHOW COLUMNS FROM `tfor_detail` [ RunTime:0.0090s ]
SQL: SELECT `for_head` FROM `tfor_detail` WHERE `for_id` = 2013000061 LIMIT 1   [ RunTime:0.0004s ]
INFO: [ view_parse ] --START--
INFO: [ template_filter ] --START--
INFO: Run Behavior\ContentReplaceBehavior [ RunTime:0.000200s ]
INFO: [ template_filter ] --END-- [ RunTime:0.000388s ]
INFO: Run Behavior\ParseTemplateBehavior [ RunTime:0.019864s ]
INFO: [ view_parse ] --END-- [ RunTime:0.020004s ]
INFO: [ view_filter ] --START--
INFO: Run Behavior\WriteHtmlCacheBehavior [ RunTime:0.000463s ]
INFO: [ view_filter ] --END-- [ RunTime:0.000574s ]
INFO: [ app_end ] --START--
INFO: Run Behavior\ShowPageTraceBehavior [ RunTime:0.001390s ]
INFO: [ app_end ] --END-- [ RunTime:0.001671s ]

[ 2017-05-31T14:13:14+08:00 ] ::1 /forum-system/index.php/Forum/ReplyPost/index.html
INFO: [ app_init ] --START--
INFO: Run Behavior\BuildLiteBehavior [ RunTime:0.000028s ]
INFO: [ app_init ] --END-- [ RunTime:0.000456s ]
INFO: [ app_begin ] --START--
INFO: Run Behavior\ReadHtmlCacheBehavior [ RunTime:0.000508s ]
INFO: [ app_begin ] --END-- [ RunTime:0.000643s ]
SQL: SHOW COLUMNS FROM `tfor_main` [ RunTime:0.0324s ]
SQL: SELECT `for_join`,`for_floor` FROM `tfor_main` WHERE `for_num` = 11 LIMIT 1   [ RunTime:0.0005s ]
SQL: UPDATE `tfor_main` SET `for_join`='1',`for_floor`='2' WHERE `for_num` = 11 [ RunTime:0.0020s ]
SQL: SELECT `for_id` FROM `tfor_main` WHERE `for_num` = 11 LIMIT 1   [ RunTime:0.0005s ]
SQL: SHOW COLUMNS FROM `tfor_detail` [ RunTime:0.0145s ]
SQL: SELECT `for_value` FROM `tfor_detail` WHERE `for_id` = 2013000001 LIMIT 1   [ RunTime:0.0007s ]
SQL: UPDATE `tfor_detail` SET `for_value`='18',`for_level`='1' WHERE `for_id` = 2013000001 [ RunTime:0.0024s ]
SQL: SELECT `for_value` FROM `tfor_detail` WHERE `for_id` = 2013000061 LIMIT 1   [ RunTime:0.0006s ]
SQL: UPDATE `tfor_detail` SET `for_value`='1',`for_level`='0' WHERE `for_id` = 2013000061 [ RunTime:0.0023s ]
SQL: SELECT `for_message` FROM `tfor_detail` WHERE `for_id` = 2013000001 LIMIT 1   [ RunTime:0.0006s ]
SQL: UPDATE `tfor_detail` SET `for_message`='1' WHERE `for_id` = 2013000001 [ RunTime:0.0022s ]
SQL: SHOW COLUMNS FROM `tfor_reply` [ RunTime:0.0137s ]
SQL: INSERT INTO `tfor_reply` (`for_fatherid`,`for_text`,`for_id`,`for_floor`) VALUES ('11','&lt;p&gt;&amp;nbsp; &amp;nbsp; &amp;nbsp;厉害了！666&lt;/p&gt;&lt;p&gt;&lt;br/&gt;&lt;/p&gt;','2013000061','2') [ RunTime:0.0032s ]
INFO: [ view_parse ] --START--
INFO: [ template_filter ] --START--
INFO: Run Behavior\ContentReplaceBehavior [ RunTime:0.000129s ]
INFO: [ template_filter ] --END-- [ RunTime:0.000367s ]
INFO: Run Behavior\ParseTemplateBehavior [ RunTime:0.015965s ]
INFO: [ view_parse ] --END-- [ RunTime:0.016118s ]
INFO: [ view_filter ] --START--
INFO: Run Behavior\WriteHtmlCacheBehavior [ RunTime:0.000444s ]
INFO: [ view_filter ] --END-- [ RunTime:0.000560s ]
INFO: [ app_end ] --START--
INFO: Run Behavior\ShowPageTraceBehavior [ RunTime:0.000750s ]
INFO: [ app_end ] --END-- [ RunTime:0.000872s ]

[ 2017-05-31T14:13:16+08:00 ] ::1 /forum-system/index.php/Forum/ReplyPost/index.html?for_num=11
INFO: [ app_init ] --START--
INFO: Run Behavior\BuildLiteBehavior [ RunTime:0.000025s ]
INFO: [ app_init ] --END-- [ RunTime:0.000410s ]
INFO: [ app_begin ] --START--
INFO: Run Behavior\ReadHtmlCacheBehavior [ RunTime:0.000529s ]
INFO: [ app_begin ] --END-- [ RunTime:0.000648s ]
SQL: SHOW COLUMNS FROM `tfor_class` [ RunTime:0.0111s ]
SQL: SELECT `for_class` FROM `tfor_class`  [ RunTime:0.0004s ]
SQL: SHOW COLUMNS FROM `tfor_main` [ RunTime:0.0088s ]
SQL: SELECT * FROM `tfor_main` LEFT JOIN tfor_detail ON tfor_main.for_id = tfor_detail.for_id  WHERE `for_num` = '11' OR `for_flag` = 3 LIMIT 1   [ RunTime:0.0007s ]
SQL: SHOW COLUMNS FROM `tfor_reply` [ RunTime:0.0082s ]
SQL: SELECT COUNT(*) AS tp_count FROM `tfor_reply` WHERE `for_fatherid` = 11 LIMIT 1   [ RunTime:0.0004s ]
SQL: SELECT * FROM `tfor_reply` LEFT JOIN tfor_detail ON tfor_reply.for_id = tfor_detail.for_id  WHERE `for_fatherid` = '11' LIMIT 0,10   [ RunTime:0.0005s ]
SQL: SHOW COLUMNS FROM `tfor_detail` [ RunTime:0.0083s ]
SQL: SELECT `for_head` FROM `tfor_detail` WHERE `for_id` = 2013000061 LIMIT 1   [ RunTime:0.0003s ]
INFO: [ view_parse ] --START--
INFO: [ template_filter ] --START--
INFO: Run Behavior\ContentReplaceBehavior [ RunTime:0.000153s ]
INFO: [ template_filter ] --END-- [ RunTime:0.000284s ]
NOTIC: [8] Undefined index: for_join C:\wamp\www\forum-system\Runtime\Cache\Forum\f7092f0706031255a16d40a34c411768.php 第 280 行.
INFO: Run Behavior\ParseTemplateBehavior [ RunTime:0.018053s ]
INFO: [ view_parse ] --END-- [ RunTime:0.018196s ]
INFO: [ view_filter ] --START--
INFO: Run Behavior\WriteHtmlCacheBehavior [ RunTime:0.000393s ]
INFO: [ view_filter ] --END-- [ RunTime:0.000497s ]
INFO: [ app_end ] --START--
INFO: Run Behavior\ShowPageTraceBehavior [ RunTime:0.001234s ]
INFO: [ app_end ] --END-- [ RunTime:0.001474s ]

[ 2017-05-31T14:13:32+08:00 ] ::1 /forum-system/index.php/Forum/ReplyPost/index.html?for_num=11
INFO: [ app_init ] --START--
INFO: Run Behavior\BuildLiteBehavior [ RunTime:0.000025s ]
INFO: [ app_init ] --END-- [ RunTime:0.000426s ]
INFO: [ app_begin ] --START--
INFO: Run Behavior\ReadHtmlCacheBehavior [ RunTime:0.000473s ]
INFO: [ app_begin ] --END-- [ RunTime:0.000591s ]
SQL: SHOW COLUMNS FROM `tfor_class` [ RunTime:0.0121s ]
SQL: SELECT `for_class` FROM `tfor_class`  [ RunTime:0.0004s ]
SQL: SHOW COLUMNS FROM `tfor_main` [ RunTime:0.0091s ]
SQL: SELECT * FROM `tfor_main` LEFT JOIN tfor_detail ON tfor_main.for_id = tfor_detail.for_id  WHERE `for_num` = '11' OR `for_flag` = 3 LIMIT 1   [ RunTime:0.0007s ]
SQL: SHOW COLUMNS FROM `tfor_reply` [ RunTime:0.0089s ]
SQL: SELECT COUNT(*) AS tp_count FROM `tfor_reply` WHERE `for_fatherid` = 11 LIMIT 1   [ RunTime:0.0004s ]
SQL: SELECT * FROM `tfor_reply` LEFT JOIN tfor_detail ON tfor_reply.for_id = tfor_detail.for_id  WHERE `for_fatherid` = '11' LIMIT 0,10   [ RunTime:0.0005s ]
SQL: SHOW COLUMNS FROM `tfor_detail` [ RunTime:0.0083s ]
SQL: SELECT `for_head` FROM `tfor_detail` WHERE `for_id` = 2013000061 LIMIT 1   [ RunTime:0.0004s ]
INFO: [ view_parse ] --START--
INFO: [ template_filter ] --START--
INFO: Run Behavior\ContentReplaceBehavior [ RunTime:0.000141s ]
INFO: [ template_filter ] --END-- [ RunTime:0.000261s ]
NOTIC: [8] Undefined index: for_join C:\wamp\www\forum-system\Runtime\Cache\Forum\f7092f0706031255a16d40a34c411768.php 第 280 行.
INFO: Run Behavior\ParseTemplateBehavior [ RunTime:0.069672s ]
INFO: [ view_parse ] --END-- [ RunTime:0.069833s ]
INFO: [ view_filter ] --START--
INFO: Run Behavior\WriteHtmlCacheBehavior [ RunTime:0.000642s ]
INFO: [ view_filter ] --END-- [ RunTime:0.000764s ]
INFO: [ app_end ] --START--
INFO: Run Behavior\ShowPageTraceBehavior [ RunTime:0.001309s ]
INFO: [ app_end ] --END-- [ RunTime:0.001585s ]

[ 2017-05-31T14:29:17+08:00 ] ::1 /forum-system/index.php/Forum/UserDetail/index.html
INFO: [ app_init ] --START--
INFO: Run Behavior\BuildLiteBehavior [ RunTime:0.000056s ]
INFO: [ app_init ] --END-- [ RunTime:0.000880s ]
INFO: [ app_begin ] --START--
INFO: Run Behavior\ReadHtmlCacheBehavior [ RunTime:0.000729s ]
INFO: [ app_begin ] --END-- [ RunTime:0.000868s ]
NOTIC: [2048] Declaration of Forum\Controller\UserDetailController::show() should be compatible with Think\Controller::show($content, $charset = '', $contentType = '', $prefix = '') C:\wamp\www\forum-system\Application\Forum\Controller\UserDetailController.class.php 第 7 行.
SQL: SHOW COLUMNS FROM `tfor_detail` [ RunTime:0.0326s ]
SQL: SELECT * FROM `tfor_detail` WHERE `for_id` = 2013000061 LIMIT 1   [ RunTime:0.0006s ]
INFO: [ view_parse ] --START--
INFO: [ template_filter ] --START--
INFO: Run Behavior\ContentReplaceBehavior [ RunTime:0.000551s ]
INFO: [ template_filter ] --END-- [ RunTime:0.001155s ]
INFO: Run Behavior\ParseTemplateBehavior [ RunTime:0.164821s ]
INFO: [ view_parse ] --END-- [ RunTime:0.165164s ]
INFO: [ view_filter ] --START--
INFO: Run Behavior\WriteHtmlCacheBehavior [ RunTime:0.000473s ]
INFO: [ view_filter ] --END-- [ RunTime:0.000589s ]
INFO: [ app_end ] --START--
INFO: Run Behavior\ShowPageTraceBehavior [ RunTime:0.006704s ]
INFO: [ app_end ] --END-- [ RunTime:0.006993s ]

[ 2017-05-31T14:29:22+08:00 ] ::1 /forum-system/index.php/Forum/UserDetail/index.html
INFO: [ app_init ] --START--
INFO: Run Behavior\BuildLiteBehavior [ RunTime:0.000026s ]
INFO: [ app_init ] --END-- [ RunTime:0.000417s ]
INFO: [ app_begin ] --START--
INFO: Run Behavior\ReadHtmlCacheBehavior [ RunTime:0.000479s ]
INFO: [ app_begin ] --END-- [ RunTime:0.000598s ]
NOTIC: [2048] Declaration of Forum\Controller\UserDetailController::show() should be compatible with Think\Controller::show($content, $charset = '', $contentType = '', $prefix = '') C:\wamp\www\forum-system\Application\Forum\Controller\UserDetailController.class.php 第 7 行.
SQL: SHOW COLUMNS FROM `tfor_detail` [ RunTime:0.0237s ]
SQL: SELECT * FROM `tfor_detail` WHERE `for_id` = 2013000061 LIMIT 1   [ RunTime:0.0005s ]
INFO: [ view_parse ] --START--
INFO: [ template_filter ] --START--
INFO: Run Behavior\ContentReplaceBehavior [ RunTime:0.000157s ]
INFO: [ template_filter ] --END-- [ RunTime:0.000300s ]
INFO: Run Behavior\ParseTemplateBehavior [ RunTime:0.022544s ]
INFO: [ view_parse ] --END-- [ RunTime:0.022728s ]
INFO: [ view_filter ] --START--
INFO: Run Behavior\WriteHtmlCacheBehavior [ RunTime:0.000438s ]
INFO: [ view_filter ] --END-- [ RunTime:0.000549s ]
INFO: [ app_end ] --START--
INFO: Run Behavior\ShowPageTraceBehavior [ RunTime:0.001077s ]
INFO: [ app_end ] --END-- [ RunTime:0.001333s ]

[ 2017-05-31T14:29:24+08:00 ] ::1 /forum-system/index.php/Forum/UserDetail/index.html
INFO: [ app_init ] --START--
INFO: Run Behavior\BuildLiteBehavior [ RunTime:0.000038s ]
INFO: [ app_init ] --END-- [ RunTime:0.000531s ]
INFO: [ app_begin ] --START--
INFO: Run Behavior\ReadHtmlCacheBehavior [ RunTime:0.000766s ]
INFO: [ app_begin ] --END-- [ RunTime:0.000887s ]
NOTIC: [2048] Declaration of Forum\Controller\UserDetailController::show() should be compatible with Think\Controller::show($content, $charset = '', $contentType = '', $prefix = '') C:\wamp\www\forum-system\Application\Forum\Controller\UserDetailController.class.php 第 7 行.
SQL: SHOW COLUMNS FROM `tfor_detail` [ RunTime:0.0119s ]
SQL: SELECT * FROM `tfor_detail` WHERE `for_id` = 2013000061 LIMIT 1   [ RunTime:0.0007s ]
INFO: [ view_parse ] --START--
INFO: [ template_filter ] --START--
INFO: Run Behavior\ContentReplaceBehavior [ RunTime:0.000110s ]
INFO: [ template_filter ] --END-- [ RunTime:0.000225s ]
INFO: Run Behavior\ParseTemplateBehavior [ RunTime:0.087874s ]
INFO: [ view_parse ] --END-- [ RunTime:0.088005s ]
INFO: [ view_filter ] --START--
INFO: Run Behavior\WriteHtmlCacheBehavior [ RunTime:0.000681s ]
INFO: [ view_filter ] --END-- [ RunTime:0.000794s ]
INFO: [ app_end ] --START--
INFO: Run Behavior\ShowPageTraceBehavior [ RunTime:0.001370s ]
INFO: [ app_end ] --END-- [ RunTime:0.001587s ]

[ 2017-05-31T14:29:30+08:00 ] ::1 /forum-system/index.php/Forum/UserDetail/index.html
INFO: [ app_init ] --START--
INFO: Run Behavior\BuildLiteBehavior [ RunTime:0.000027s ]
INFO: [ app_init ] --END-- [ RunTime:0.000456s ]
INFO: [ app_begin ] --START--
INFO: Run Behavior\ReadHtmlCacheBehavior [ RunTime:0.000558s ]
INFO: [ app_begin ] --END-- [ RunTime:0.000721s ]
NOTIC: [2048] Declaration of Forum\Controller\UserDetailController::show() should be compatible with Think\Controller::show($content, $charset = '', $contentType = '', $prefix = '') C:\wamp\www\forum-system\Application\Forum\Controller\UserDetailController.class.php 第 7 行.
SQL: SHOW COLUMNS FROM `tfor_detail` [ RunTime:0.0217s ]
SQL: SELECT * FROM `tfor_detail` WHERE `for_id` = 2013000061 LIMIT 1   [ RunTime:0.0006s ]
INFO: [ view_parse ] --START--
INFO: [ template_filter ] --START--
INFO: Run Behavior\ContentReplaceBehavior [ RunTime:0.000114s ]
INFO: [ template_filter ] --END-- [ RunTime:0.000233s ]
INFO: Run Behavior\ParseTemplateBehavior [ RunTime:0.092209s ]
INFO: [ view_parse ] --END-- [ RunTime:0.092418s ]
INFO: [ view_filter ] --START--
INFO: Run Behavior\WriteHtmlCacheBehavior [ RunTime:0.000562s ]
INFO: [ view_filter ] --END-- [ RunTime:0.000688s ]
INFO: [ app_end ] --START--
INFO: Run Behavior\ShowPageTraceBehavior [ RunTime:0.001466s ]
INFO: [ app_end ] --END-- [ RunTime:0.001779s ]

[ 2017-05-31T14:42:07+08:00 ] ::1 /forum-system/index.php/Forum/Adm/logout.html
INFO: [ app_init ] --START--
INFO: Run Behavior\BuildLiteBehavior [ RunTime:0.000028s ]
INFO: [ app_init ] --END-- [ RunTime:0.000729s ]
INFO: [ app_begin ] --START--
INFO: Run Behavior\ReadHtmlCacheBehavior [ RunTime:0.000866s ]
INFO: [ app_begin ] --END-- [ RunTime:0.000995s ]
SQL: SHOW COLUMNS FROM `tfor_record` [ RunTime:0.0229s ]
SQL: INSERT INTO `tfor_record` (`adm_name`,`for_item`,`for_content`,`for_result`) VALUES ('long','管理员注销','long','1') [ RunTime:0.0027s ]
INFO: [ view_parse ] --START--
INFO: [ template_filter ] --START--
INFO: Run Behavior\ContentReplaceBehavior [ RunTime:0.000075s ]
INFO: [ template_filter ] --END-- [ RunTime:0.000202s ]
INFO: Run Behavior\ParseTemplateBehavior [ RunTime:0.007912s ]
INFO: [ view_parse ] --END-- [ RunTime:0.008038s ]
INFO: [ view_filter ] --START--
INFO: Run Behavior\WriteHtmlCacheBehavior [ RunTime:0.000607s ]
INFO: [ view_filter ] --END-- [ RunTime:0.000714s ]
INFO: [ app_end ] --START--
INFO: Run Behavior\ShowPageTraceBehavior [ RunTime:0.000887s ]
INFO: [ app_end ] --END-- [ RunTime:0.001001s ]

[ 2017-05-31T14:42:08+08:00 ] ::1 /forum-system/index.php/Forum/Adm/login.html
INFO: [ app_init ] --START--
INFO: Run Behavior\BuildLiteBehavior [ RunTime:0.000041s ]
INFO: [ app_init ] --END-- [ RunTime:0.002430s ]
INFO: [ app_begin ] --START--
INFO: Run Behavior\ReadHtmlCacheBehavior [ RunTime:0.001601s ]
INFO: [ app_begin ] --END-- [ RunTime:0.001878s ]
INFO: [ view_parse ] --START--
INFO: [ template_filter ] --START--
INFO: Run Behavior\ContentReplaceBehavior [ RunTime:0.000072s ]
INFO: [ template_filter ] --END-- [ RunTime:0.000197s ]
INFO: Run Behavior\ParseTemplateBehavior [ RunTime:0.024484s ]
INFO: [ view_parse ] --END-- [ RunTime:0.024657s ]
INFO: [ view_filter ] --START--
INFO: Run Behavior\WriteHtmlCacheBehavior [ RunTime:0.000713s ]
INFO: [ view_filter ] --END-- [ RunTime:0.000862s ]
INFO: [ app_end ] --START--
INFO: Run Behavior\ShowPageTraceBehavior [ RunTime:0.000923s ]
INFO: [ app_end ] --END-- [ RunTime:0.001048s ]

[ 2017-05-31T14:42:57+08:00 ] ::1 /forum-system/index.php/Forum/Adm/login.html
INFO: [ app_init ] --START--
INFO: Run Behavior\BuildLiteBehavior [ RunTime:0.000026s ]
INFO: [ app_init ] --END-- [ RunTime:0.000461s ]
INFO: [ app_begin ] --START--
INFO: Run Behavior\ReadHtmlCacheBehavior [ RunTime:0.000790s ]
INFO: [ app_begin ] --END-- [ RunTime:0.000957s ]
SQL: SHOW COLUMNS FROM `tadm_information` [ RunTime:0.0154s ]
SQL: SELECT COUNT(*) AS tp_count FROM `tadm_information` WHERE `adm_name` = 'long' LIMIT 1   [ RunTime:0.0004s ]
SQL: SELECT `adm_password` FROM `tadm_information` WHERE `adm_name` = 'long' LIMIT 1   [ RunTime:0.0003s ]
SQL: SHOW COLUMNS FROM `tfor_record` [ RunTime:0.0103s ]
SQL: INSERT INTO `tfor_record` (`adm_name`,`for_item`,`for_content`,`for_result`) VALUES ('long','管理员登陆','long','1') [ RunTime:0.0020s ]
INFO: [ view_parse ] --START--
INFO: [ template_filter ] --START--
INFO: Run Behavior\ContentReplaceBehavior [ RunTime:0.000076s ]
INFO: [ template_filter ] --END-- [ RunTime:0.000200s ]
INFO: Run Behavior\ParseTemplateBehavior [ RunTime:0.007995s ]
INFO: [ view_parse ] --END-- [ RunTime:0.008267s ]
INFO: [ view_filter ] --START--
INFO: Run Behavior\WriteHtmlCacheBehavior [ RunTime:0.000667s ]
INFO: [ view_filter ] --END-- [ RunTime:0.000798s ]
INFO: [ app_end ] --START--
INFO: Run Behavior\ShowPageTraceBehavior [ RunTime:0.000822s ]
INFO: [ app_end ] --END-- [ RunTime:0.000945s ]

[ 2017-05-31T14:42:58+08:00 ] ::1 /forum-system/index.php/Forum/Adm/index.html
INFO: [ app_init ] --START--
INFO: Run Behavior\BuildLiteBehavior [ RunTime:0.000026s ]
INFO: [ app_init ] --END-- [ RunTime:0.000463s ]
INFO: [ app_begin ] --START--
INFO: Run Behavior\ReadHtmlCacheBehavior [ RunTime:0.000801s ]
INFO: [ app_begin ] --END-- [ RunTime:0.000937s ]
INFO: [ view_parse ] --START--
INFO: [ template_filter ] --START--
INFO: Run Behavior\ContentReplaceBehavior [ RunTime:0.000085s ]
INFO: [ template_filter ] --END-- [ RunTime:0.000208s ]
SQL: SHOW COLUMNS FROM `tadm_information` [ RunTime:0.0233s ]
SQL: SELECT `adm_permission` FROM `tadm_information` WHERE `adm_name` = '2013000061' LIMIT 1   [ RunTime:0.0005s ]
INFO: Run Behavior\ParseTemplateBehavior [ RunTime:0.078987s ]
INFO: [ view_parse ] --END-- [ RunTime:0.079177s ]
INFO: [ view_filter ] --START--
INFO: Run Behavior\WriteHtmlCacheBehavior [ RunTime:0.000726s ]
INFO: [ view_filter ] --END-- [ RunTime:0.000833s ]
INFO: [ app_end ] --START--
INFO: Run Behavior\ShowPageTraceBehavior [ RunTime:0.000816s ]
INFO: [ app_end ] --END-- [ RunTime:0.000926s ]

[ 2017-05-31T14:42:58+08:00 ] ::1 /forum-system/index.php/Forum/Adm/welcome.html
INFO: [ app_init ] --START--
INFO: Run Behavior\BuildLiteBehavior [ RunTime:0.000052s ]
INFO: [ app_init ] --END-- [ RunTime:0.000997s ]
INFO: [ app_begin ] --START--
INFO: Run Behavior\ReadHtmlCacheBehavior [ RunTime:0.001523s ]
INFO: [ app_begin ] --END-- [ RunTime:0.001756s ]
INFO: [ view_parse ] --START--
INFO: [ template_filter ] --START--
INFO: Run Behavior\ContentReplaceBehavior [ RunTime:0.000168s ]
INFO: [ template_filter ] --END-- [ RunTime:0.000426s ]
INFO: Run Behavior\ParseTemplateBehavior [ RunTime:0.025220s ]
INFO: [ view_parse ] --END-- [ RunTime:0.025507s ]
INFO: [ view_filter ] --START--
INFO: Run Behavior\WriteHtmlCacheBehavior [ RunTime:0.001898s ]
INFO: [ view_filter ] --END-- [ RunTime:0.002146s ]
INFO: [ app_end ] --START--
INFO: Run Behavior\ShowPageTraceBehavior [ RunTime:0.001369s ]
INFO: [ app_end ] --END-- [ RunTime:0.001629s ]

[ 2017-05-31T14:43:09+08:00 ] ::1 /forum-system/index.php/Forum/Adm/circular.html
INFO: [ app_init ] --START--
INFO: Run Behavior\BuildLiteBehavior [ RunTime:0.000026s ]
INFO: [ app_init ] --END-- [ RunTime:0.000475s ]
INFO: [ app_begin ] --START--
INFO: Run Behavior\ReadHtmlCacheBehavior [ RunTime:0.000803s ]
INFO: [ app_begin ] --END-- [ RunTime:0.000927s ]
SQL: SHOW COLUMNS FROM `tfor_circular` [ RunTime:0.0116s ]
SQL: SELECT COUNT(*) AS tp_count FROM `tfor_circular` LIMIT 1   [ RunTime:0.0012s ]
SQL: SELECT * FROM `tfor_circular` ORDER BY `for_num` desc,`for_time` LIMIT 0,6   [ RunTime:0.0005s ]
INFO: [ view_parse ] --START--
INFO: [ template_filter ] --START--
INFO: Run Behavior\ContentReplaceBehavior [ RunTime:0.000092s ]
INFO: [ template_filter ] --END-- [ RunTime:0.000209s ]
INFO: Run Behavior\ParseTemplateBehavior [ RunTime:0.045567s ]
INFO: [ view_parse ] --END-- [ RunTime:0.045703s ]
INFO: [ view_filter ] --START--
INFO: Run Behavior\WriteHtmlCacheBehavior [ RunTime:0.000624s ]
INFO: [ view_filter ] --END-- [ RunTime:0.000737s ]
INFO: [ app_end ] --START--
INFO: Run Behavior\ShowPageTraceBehavior [ RunTime:0.001684s ]
INFO: [ app_end ] --END-- [ RunTime:0.001960s ]

[ 2017-05-31T14:43:11+08:00 ] ::1 /forum-system/index.php/Forum/Adm/searchMain.html
INFO: [ app_init ] --START--
INFO: Run Behavior\BuildLiteBehavior [ RunTime:0.000026s ]
INFO: [ app_init ] --END-- [ RunTime:0.000470s ]
INFO: [ app_begin ] --START--
INFO: Run Behavior\ReadHtmlCacheBehavior [ RunTime:0.000743s ]
INFO: [ app_begin ] --END-- [ RunTime:0.000927s ]
SQL: SHOW COLUMNS FROM `tfor_main` [ RunTime:0.0236s ]
SQL: SELECT COUNT(*) AS tp_count FROM `tfor_main` LIMIT 1   [ RunTime:0.0011s ]
SQL: SELECT * FROM `tfor_main` LEFT JOIN tfor_detail ON tfor_main.for_id = tfor_detail.for_id  ORDER BY `for_time` desc LIMIT 0,10   [ RunTime:0.0010s ]
INFO: [ view_parse ] --START--
INFO: [ template_filter ] --START--
INFO: Run Behavior\ContentReplaceBehavior [ RunTime:0.000111s ]
INFO: [ template_filter ] --END-- [ RunTime:0.000251s ]
INFO: Run Behavior\ParseTemplateBehavior [ RunTime:0.059996s ]
INFO: [ view_parse ] --END-- [ RunTime:0.060140s ]
INFO: [ view_filter ] --START--
INFO: Run Behavior\WriteHtmlCacheBehavior [ RunTime:0.000718s ]
INFO: [ view_filter ] --END-- [ RunTime:0.000893s ]
INFO: [ app_end ] --START--
INFO: Run Behavior\ShowPageTraceBehavior [ RunTime:0.001490s ]
INFO: [ app_end ] --END-- [ RunTime:0.001746s ]

[ 2017-05-31T14:53:42+08:00 ] ::1 /forum-system/index.php/Forum/Adm/forumUser.html
INFO: [ app_init ] --START--
INFO: Run Behavior\BuildLiteBehavior [ RunTime:0.000025s ]
INFO: [ app_init ] --END-- [ RunTime:0.000475s ]
INFO: [ app_begin ] --START--
INFO: Run Behavior\ReadHtmlCacheBehavior [ RunTime:0.000772s ]
INFO: [ app_begin ] --END-- [ RunTime:0.000894s ]
SQL: SHOW COLUMNS FROM `tfor_detail` [ RunTime:0.0126s ]
SQL: SELECT COUNT(*) AS tp_count FROM `tfor_detail` LIMIT 1   [ RunTime:0.0007s ]
SQL: SELECT * FROM `tfor_detail` LEFT JOIN tfor_user ON tfor_detail.for_id=tfor_user.for_id  ORDER BY tfor_detail.for_id LIMIT 0,20   [ RunTime:0.0011s ]
INFO: [ view_parse ] --START--
INFO: [ template_filter ] --START--
INFO: Run Behavior\ContentReplaceBehavior [ RunTime:0.000101s ]
INFO: [ template_filter ] --END-- [ RunTime:0.000237s ]
INFO: Run Behavior\ParseTemplateBehavior [ RunTime:0.063573s ]
INFO: [ view_parse ] --END-- [ RunTime:0.064527s ]
INFO: [ view_filter ] --START--
INFO: Run Behavior\WriteHtmlCacheBehavior [ RunTime:0.000796s ]
INFO: [ view_filter ] --END-- [ RunTime:0.000923s ]
INFO: [ app_end ] --START--
INFO: Run Behavior\ShowPageTraceBehavior [ RunTime:0.002538s ]
INFO: [ app_end ] --END-- [ RunTime:0.003178s ]

[ 2017-05-31T14:53:58+08:00 ] ::1 /forum-system/index.php/Forum/Adm/reportReply.html
INFO: [ app_init ] --START--
INFO: Run Behavior\BuildLiteBehavior [ RunTime:0.000025s ]
INFO: [ app_init ] --END-- [ RunTime:0.000479s ]
INFO: [ app_begin ] --START--
INFO: Run Behavior\ReadHtmlCacheBehavior [ RunTime:0.000746s ]
INFO: [ app_begin ] --END-- [ RunTime:0.000897s ]
SQL: SHOW COLUMNS FROM `tfor_reply` [ RunTime:0.0120s ]
SQL: SELECT COUNT(*) AS tp_count FROM `tfor_reply` LIMIT 1   [ RunTime:0.0003s ]
SQL: SELECT tfor_reply.for_num,tfor_reply.for_time,tfor_reply.for_text,`for_title`,`for_fatherid`,tfor_reply.for_up,tfor_reply.for_down,tfor_reply.for_report,`for_name`,`for_head`,`for_level`,`for_class` FROM `tfor_reply` LEFT JOIN tfor_detail ON tfor_reply.for_id = tfor_detail.for_id LEFT JOIN tfor_main ON tfor_reply.for_fatherid=tfor_main.for_num  ORDER BY `for_report` desc LIMIT 0,10   [ RunTime:0.0008s ]
INFO: [ view_parse ] --START--
INFO: [ template_filter ] --START--
INFO: Run Behavior\ContentReplaceBehavior [ RunTime:0.000126s ]
INFO: [ template_filter ] --END-- [ RunTime:0.000261s ]
NOTIC: [8] Undefined index: for_id C:\wamp\www\forum-system\Runtime\Cache\Forum\de9cb1dfc9c0a9c2cdd0d31d9764f618.php 第 124 行.
NOTIC: [8] Undefined index: for_id C:\wamp\www\forum-system\Runtime\Cache\Forum\de9cb1dfc9c0a9c2cdd0d31d9764f618.php 第 124 行.
NOTIC: [8] Undefined index: for_id C:\wamp\www\forum-system\Runtime\Cache\Forum\de9cb1dfc9c0a9c2cdd0d31d9764f618.php 第 124 行.
NOTIC: [8] Undefined index: for_id C:\wamp\www\forum-system\Runtime\Cache\Forum\de9cb1dfc9c0a9c2cdd0d31d9764f618.php 第 124 行.
NOTIC: [8] Undefined index: for_id C:\wamp\www\forum-system\Runtime\Cache\Forum\de9cb1dfc9c0a9c2cdd0d31d9764f618.php 第 124 行.
NOTIC: [8] Undefined index: for_id C:\wamp\www\forum-system\Runtime\Cache\Forum\de9cb1dfc9c0a9c2cdd0d31d9764f618.php 第 124 行.
NOTIC: [8] Undefined index: for_id C:\wamp\www\forum-system\Runtime\Cache\Forum\de9cb1dfc9c0a9c2cdd0d31d9764f618.php 第 124 行.
NOTIC: [8] Undefined index: for_id C:\wamp\www\forum-system\Runtime\Cache\Forum\de9cb1dfc9c0a9c2cdd0d31d9764f618.php 第 124 行.
INFO: Run Behavior\ParseTemplateBehavior [ RunTime:0.066736s ]
INFO: [ view_parse ] --END-- [ RunTime:0.066868s ]
INFO: [ view_filter ] --START--
INFO: Run Behavior\WriteHtmlCacheBehavior [ RunTime:0.000698s ]
INFO: [ view_filter ] --END-- [ RunTime:0.000807s ]
INFO: [ app_end ] --START--
INFO: Run Behavior\ShowPageTraceBehavior [ RunTime:0.001603s ]
INFO: [ app_end ] --END-- [ RunTime:0.001869s ]

[ 2017-05-31T14:54:06+08:00 ] ::1 /forum-system/index.php/Forum/ReplyPost/index.html?for_num=3
INFO: [ app_init ] --START--
INFO: Run Behavior\BuildLiteBehavior [ RunTime:0.000050s ]
INFO: [ app_init ] --END-- [ RunTime:0.000495s ]
INFO: [ app_begin ] --START--
INFO: Run Behavior\ReadHtmlCacheBehavior [ RunTime:0.001965s ]
INFO: [ app_begin ] --END-- [ RunTime:0.002455s ]
SQL: SHOW COLUMNS FROM `tfor_class` [ RunTime:0.0122s ]
SQL: SELECT `for_class` FROM `tfor_class`  [ RunTime:0.0003s ]
SQL: SHOW COLUMNS FROM `tfor_main` [ RunTime:0.0121s ]
SQL: SELECT * FROM `tfor_main` LEFT JOIN tfor_detail ON tfor_main.for_id = tfor_detail.for_id  WHERE `for_num` = '3' OR `for_flag` = 3 LIMIT 1   [ RunTime:0.0007s ]
SQL: SHOW COLUMNS FROM `tfor_reply` [ RunTime:0.0160s ]
SQL: SELECT COUNT(*) AS tp_count FROM `tfor_reply` WHERE `for_fatherid` = 3 LIMIT 1   [ RunTime:0.0004s ]
SQL: SELECT * FROM `tfor_reply` LEFT JOIN tfor_detail ON tfor_reply.for_id = tfor_detail.for_id  WHERE `for_fatherid` = '3' LIMIT 0,10   [ RunTime:0.0006s ]
SQL: SHOW COLUMNS FROM `tfor_detail` [ RunTime:0.0118s ]
SQL: SELECT `for_head` FROM `tfor_detail` WHERE `for_id` = 2013000061 LIMIT 1   [ RunTime:0.0004s ]
INFO: [ view_parse ] --START--
INFO: [ template_filter ] --START--
INFO: Run Behavior\ContentReplaceBehavior [ RunTime:0.000149s ]
INFO: [ template_filter ] --END-- [ RunTime:0.000275s ]
NOTIC: [8] Undefined index: for_join C:\wamp\www\forum-system\Runtime\Cache\Forum\f7092f0706031255a16d40a34c411768.php 第 280 行.
INFO: Run Behavior\ParseTemplateBehavior [ RunTime:0.020139s ]
INFO: [ view_parse ] --END-- [ RunTime:0.020305s ]
INFO: [ view_filter ] --START--
INFO: Run Behavior\WriteHtmlCacheBehavior [ RunTime:0.000712s ]
INFO: [ view_filter ] --END-- [ RunTime:0.000817s ]
INFO: [ app_end ] --START--
INFO: Run Behavior\ShowPageTraceBehavior [ RunTime:0.001694s ]
INFO: [ app_end ] --END-- [ RunTime:0.001965s ]

[ 2017-05-31T14:54:09+08:00 ] ::1 /forum-system/index.php/Forum/Adm/searchReply.html
INFO: [ app_init ] --START--
INFO: Run Behavior\BuildLiteBehavior [ RunTime:0.000027s ]
INFO: [ app_init ] --END-- [ RunTime:0.000468s ]
INFO: [ app_begin ] --START--
INFO: Run Behavior\ReadHtmlCacheBehavior [ RunTime:0.001183s ]
INFO: [ app_begin ] --END-- [ RunTime:0.001411s ]
SQL: SHOW COLUMNS FROM `tfor_reply` [ RunTime:0.0134s ]
SQL: SELECT COUNT(*) AS tp_count FROM `tfor_reply` LIMIT 1   [ RunTime:0.0004s ]
SQL: SELECT tfor_reply.for_num,tfor_reply.for_time,tfor_reply.for_text,`for_title`,`for_fatherid`,tfor_reply.for_up,tfor_reply.for_down,tfor_reply.for_report,`for_name`,`for_head`,`for_level`,`for_class` FROM `tfor_reply` LEFT JOIN tfor_detail ON tfor_reply.for_id = tfor_detail.for_id LEFT JOIN tfor_main ON tfor_reply.for_fatherid=tfor_main.for_num  ORDER BY `for_time` desc LIMIT 0,10   [ RunTime:0.0008s ]
INFO: [ view_parse ] --START--
INFO: [ template_filter ] --START--
INFO: Run Behavior\ContentReplaceBehavior [ RunTime:0.000123s ]
INFO: [ template_filter ] --END-- [ RunTime:0.000267s ]
NOTIC: [8] Undefined index: for_id C:\wamp\www\forum-system\Runtime\Cache\Forum\ff217ee30ab26421c20902e0bb090b6d.php 第 124 行.
NOTIC: [8] Undefined index: for_id C:\wamp\www\forum-system\Runtime\Cache\Forum\ff217ee30ab26421c20902e0bb090b6d.php 第 124 行.
NOTIC: [8] Undefined index: for_id C:\wamp\www\forum-system\Runtime\Cache\Forum\ff217ee30ab26421c20902e0bb090b6d.php 第 124 行.
NOTIC: [8] Undefined index: for_id C:\wamp\www\forum-system\Runtime\Cache\Forum\ff217ee30ab26421c20902e0bb090b6d.php 第 124 行.
NOTIC: [8] Undefined index: for_id C:\wamp\www\forum-system\Runtime\Cache\Forum\ff217ee30ab26421c20902e0bb090b6d.php 第 124 行.
NOTIC: [8] Undefined index: for_id C:\wamp\www\forum-system\Runtime\Cache\Forum\ff217ee30ab26421c20902e0bb090b6d.php 第 124 行.
NOTIC: [8] Undefined index: for_id C:\wamp\www\forum-system\Runtime\Cache\Forum\ff217ee30ab26421c20902e0bb090b6d.php 第 124 行.
NOTIC: [8] Undefined index: for_id C:\wamp\www\forum-system\Runtime\Cache\Forum\ff217ee30ab26421c20902e0bb090b6d.php 第 124 行.
INFO: Run Behavior\ParseTemplateBehavior [ RunTime:0.069134s ]
INFO: [ view_parse ] --END-- [ RunTime:0.069301s ]
INFO: [ view_filter ] --START--
INFO: Run Behavior\WriteHtmlCacheBehavior [ RunTime:0.000778s ]
INFO: [ view_filter ] --END-- [ RunTime:0.000941s ]
INFO: [ app_end ] --START--
INFO: Run Behavior\ShowPageTraceBehavior [ RunTime:0.001565s ]
INFO: [ app_end ] --END-- [ RunTime:0.001799s ]

[ 2017-05-31T14:54:17+08:00 ] ::1 /forum-system/index.php/Forum/Adm/circular.html
INFO: [ app_init ] --START--
INFO: Run Behavior\BuildLiteBehavior [ RunTime:0.000030s ]
INFO: [ app_init ] --END-- [ RunTime:0.000638s ]
INFO: [ app_begin ] --START--
INFO: Run Behavior\ReadHtmlCacheBehavior [ RunTime:0.000793s ]
INFO: [ app_begin ] --END-- [ RunTime:0.000920s ]
SQL: SHOW COLUMNS FROM `tfor_circular` [ RunTime:0.0134s ]
SQL: SELECT COUNT(*) AS tp_count FROM `tfor_circular` LIMIT 1   [ RunTime:0.0003s ]
SQL: SELECT * FROM `tfor_circular` ORDER BY `for_num` desc,`for_time` LIMIT 0,6   [ RunTime:0.0006s ]
INFO: [ view_parse ] --START--
INFO: [ template_filter ] --START--
INFO: Run Behavior\ContentReplaceBehavior [ RunTime:0.000092s ]
INFO: [ template_filter ] --END-- [ RunTime:0.000207s ]
INFO: Run Behavior\ParseTemplateBehavior [ RunTime:0.011781s ]
INFO: [ view_parse ] --END-- [ RunTime:0.012121s ]
INFO: [ view_filter ] --START--
INFO: Run Behavior\WriteHtmlCacheBehavior [ RunTime:0.000596s ]
INFO: [ view_filter ] --END-- [ RunTime:0.000706s ]
INFO: [ app_end ] --START--
INFO: Run Behavior\ShowPageTraceBehavior [ RunTime:0.001547s ]
INFO: [ app_end ] --END-- [ RunTime:0.001820s ]

[ 2017-05-31T14:57:40+08:00 ] ::1 /forum-system/index.php/Forum/Adm/Circular.html
INFO: [ app_init ] --START--
INFO: Run Behavior\BuildLiteBehavior [ RunTime:0.000026s ]
INFO: [ app_init ] --END-- [ RunTime:0.000492s ]
INFO: [ app_begin ] --START--
INFO: Run Behavior\ReadHtmlCacheBehavior [ RunTime:0.003111s ]
INFO: [ app_begin ] --END-- [ RunTime:0.003318s ]
SQL: SHOW COLUMNS FROM `tfor_circular` [ RunTime:0.0120s ]
SQL: INSERT INTO `tfor_circular` (`adm_name`,`for_title`,`for_text`) VALUES ('long','2017届学生毕业设计答辩通知','请通知毕业答辩的学生抓紧完成毕业设计，最迟于14周周日提交，15周周一进行交叉评审和毕业设计统一查重（免费）；

请通知一下7位同学认真准备PPT（10-15分钟），参加15周周三下午14:00（地点待定）的公开答辩：
熊绍勤、杨镕远、吴建周、陈雪娇、关松林、戚会清、罗微
') [ RunTime:0.0020s ]
SQL: SHOW COLUMNS FROM `tfor_record` [ RunTime:0.0107s ]
SQL: INSERT INTO `tfor_record` (`adm_name`,`for_item`,`for_content`,`for_result`) VALUES ('long','发布通告','2017届学生毕业设计答辩通知','1') [ RunTime:0.0021s ]
INFO: [ view_parse ] --START--
INFO: [ template_filter ] --START--
INFO: Run Behavior\ContentReplaceBehavior [ RunTime:0.000099s ]
INFO: [ template_filter ] --END-- [ RunTime:0.000246s ]
INFO: Run Behavior\ParseTemplateBehavior [ RunTime:0.009141s ]
INFO: [ view_parse ] --END-- [ RunTime:0.009306s ]
INFO: [ view_filter ] --START--
INFO: Run Behavior\WriteHtmlCacheBehavior [ RunTime:0.000598s ]
INFO: [ view_filter ] --END-- [ RunTime:0.000733s ]
INFO: [ app_end ] --START--
INFO: Run Behavior\ShowPageTraceBehavior [ RunTime:0.000814s ]
INFO: [ app_end ] --END-- [ RunTime:0.000961s ]

[ 2017-05-31T14:57:41+08:00 ] ::1 /forum-system/index.php/Forum/Adm/circular.html
INFO: [ app_init ] --START--
INFO: Run Behavior\BuildLiteBehavior [ RunTime:0.000030s ]
INFO: [ app_init ] --END-- [ RunTime:0.000842s ]
INFO: [ app_begin ] --START--
INFO: Run Behavior\ReadHtmlCacheBehavior [ RunTime:0.000830s ]
INFO: [ app_begin ] --END-- [ RunTime:0.001168s ]
SQL: SHOW COLUMNS FROM `tfor_circular` [ RunTime:0.0138s ]
SQL: SELECT COUNT(*) AS tp_count FROM `tfor_circular` LIMIT 1   [ RunTime:0.0004s ]
SQL: SELECT * FROM `tfor_circular` ORDER BY `for_num` desc,`for_time` LIMIT 0,6   [ RunTime:0.0005s ]
INFO: [ view_parse ] --START--
INFO: [ template_filter ] --START--
INFO: Run Behavior\ContentReplaceBehavior [ RunTime:0.000096s ]
INFO: [ template_filter ] --END-- [ RunTime:0.000211s ]
INFO: Run Behavior\ParseTemplateBehavior [ RunTime:0.014285s ]
INFO: [ view_parse ] --END-- [ RunTime:0.014414s ]
INFO: [ view_filter ] --START--
INFO: Run Behavior\WriteHtmlCacheBehavior [ RunTime:0.000646s ]
INFO: [ view_filter ] --END-- [ RunTime:0.000758s ]
INFO: [ app_end ] --START--
INFO: Run Behavior\ShowPageTraceBehavior [ RunTime:0.001403s ]
INFO: [ app_end ] --END-- [ RunTime:0.001557s ]

[ 2017-05-31T14:57:52+08:00 ] ::1 /forum-system/index.php/Forum/MainPost/order.html?for_class=%E9%AB%98%E7%AD%89%E4%BB%A3%E6%95%B0
INFO: [ app_init ] --START--
INFO: Run Behavior\BuildLiteBehavior [ RunTime:0.000130s ]
INFO: [ app_init ] --END-- [ RunTime:0.000563s ]
INFO: [ app_begin ] --START--
INFO: Run Behavior\ReadHtmlCacheBehavior [ RunTime:0.000765s ]
INFO: [ app_begin ] --END-- [ RunTime:0.000886s ]
SQL: SHOW COLUMNS FROM `tfor_class` [ RunTime:0.0232s ]
SQL: SELECT `for_class` FROM `tfor_class`  [ RunTime:0.0004s ]
SQL: SHOW COLUMNS FROM `tfor_main` [ RunTime:0.0095s ]
SQL: SELECT COUNT(*) AS tp_count FROM `tfor_main` WHERE `for_class` = '高等代数' AND `for_flag` = 1 LIMIT 1   [ RunTime:0.0005s ]
SQL: SELECT * FROM `tfor_main` LEFT JOIN tfor_detail ON tfor_main.for_id = tfor_detail.for_id  WHERE `for_class` = '高等代数' AND `for_flag` = 1 ORDER BY `for_num` desc,`for_time` LIMIT 0,10   [ RunTime:0.0011s ]
SQL: SHOW COLUMNS FROM `tfor_detail` [ RunTime:0.0106s ]
SQL: SELECT `for_head` FROM `tfor_detail` WHERE `for_id` = 2013000061 LIMIT 1   [ RunTime:0.0004s ]
INFO: [ view_parse ] --START--
INFO: [ template_filter ] --START--
INFO: Run Behavior\ContentReplaceBehavior [ RunTime:0.000139s ]
INFO: [ template_filter ] --END-- [ RunTime:0.000293s ]
INFO: Run Behavior\ParseTemplateBehavior [ RunTime:0.069858s ]
INFO: [ view_parse ] --END-- [ RunTime:0.069985s ]
INFO: [ view_filter ] --START--
INFO: Run Behavior\WriteHtmlCacheBehavior [ RunTime:0.000678s ]
INFO: [ view_filter ] --END-- [ RunTime:0.000790s ]
INFO: [ app_end ] --START--
INFO: Run Behavior\ShowPageTraceBehavior [ RunTime:0.001583s ]
INFO: [ app_end ] --END-- [ RunTime:0.001852s ]

[ 2017-05-31T14:57:55+08:00 ] ::1 /forum-system/index.php/Forum/MainPost/index.html
INFO: [ app_init ] --START--
INFO: Run Behavior\BuildLiteBehavior [ RunTime:0.000025s ]
INFO: [ app_init ] --END-- [ RunTime:0.000482s ]
INFO: [ app_begin ] --START--
INFO: Run Behavior\ReadHtmlCacheBehavior [ RunTime:0.001044s ]
INFO: [ app_begin ] --END-- [ RunTime:0.001207s ]
SQL: SHOW COLUMNS FROM `tfor_class` [ RunTime:0.0320s ]
SQL: SELECT `for_class` FROM `tfor_class`  [ RunTime:0.0004s ]
SQL: SHOW COLUMNS FROM `tfor_main` [ RunTime:0.0178s ]
SQL: SELECT COUNT(*) AS tp_count FROM `tfor_main` WHERE ( for_flag=1 ) ORDER BY `for_time` desc LIMIT 1   [ RunTime:0.0005s ]
SQL: SELECT * FROM `tfor_main` LEFT JOIN tfor_detail ON tfor_main.for_id = tfor_detail.for_id  WHERE ( for_flag=1 ) ORDER BY `for_num` desc,`for_time` LIMIT 0,20   [ RunTime:0.0054s ]
SQL: SHOW COLUMNS FROM `tfor_circular` [ RunTime:0.0168s ]
SQL: SELECT `for_num`,`for_title` FROM `tfor_circular` ORDER BY `for_time` desc LIMIT 5   [ RunTime:0.0003s ]
SQL: SHOW COLUMNS FROM `tfor_detail` [ RunTime:0.0165s ]
SQL: SELECT `for_head` FROM `tfor_detail` WHERE `for_id` = 2013000061 LIMIT 1   [ RunTime:0.0006s ]
INFO: [ view_parse ] --START--
INFO: [ template_filter ] --START--
INFO: Run Behavior\ContentReplaceBehavior [ RunTime:0.000129s ]
INFO: [ template_filter ] --END-- [ RunTime:0.000251s ]
INFO: Run Behavior\ParseTemplateBehavior [ RunTime:0.128217s ]
INFO: [ view_parse ] --END-- [ RunTime:0.128348s ]
INFO: [ view_filter ] --START--
INFO: Run Behavior\WriteHtmlCacheBehavior [ RunTime:0.000796s ]
INFO: [ view_filter ] --END-- [ RunTime:0.000914s ]
INFO: [ app_end ] --START--
INFO: Run Behavior\ShowPageTraceBehavior [ RunTime:0.003598s ]
INFO: [ app_end ] --END-- [ RunTime:0.004910s ]

[ 2017-05-31T15:00:27+08:00 ] ::1 /forum-system/index.php/Forum/MainPost/showCircular.html?for_num=3
INFO: [ app_init ] --START--
INFO: Run Behavior\BuildLiteBehavior [ RunTime:0.000073s ]
INFO: [ app_init ] --END-- [ RunTime:0.001128s ]
INFO: [ app_begin ] --START--
INFO: Run Behavior\ReadHtmlCacheBehavior [ RunTime:0.002303s ]
INFO: [ app_begin ] --END-- [ RunTime:0.002645s ]
SQL: SHOW COLUMNS FROM `tfor_class` [ RunTime:0.0177s ]
SQL: SELECT `for_class` FROM `tfor_class`  [ RunTime:0.0003s ]
SQL: SHOW COLUMNS FROM `tfor_circular` [ RunTime:0.0125s ]
SQL: SELECT * FROM `tfor_circular` WHERE `for_num` = 3 LIMIT 1   [ RunTime:0.0005s ]
SQL: SHOW COLUMNS FROM `tfor_detail` [ RunTime:0.0109s ]
SQL: SELECT `for_head` FROM `tfor_detail` WHERE `for_id` = 2013000061 LIMIT 1   [ RunTime:0.0003s ]
INFO: [ view_parse ] --START--
INFO: [ template_filter ] --START--
INFO: Run Behavior\ContentReplaceBehavior [ RunTime:0.000116s ]
INFO: [ template_filter ] --END-- [ RunTime:0.000241s ]
NOTIC: [8] Undefined variable: page C:\wamp\www\forum-system\Runtime\Cache\Forum\464ce038120bc65621e5b934eb4ed325.php 第 182 行.
INFO: Run Behavior\ParseTemplateBehavior [ RunTime:0.071429s ]
INFO: [ view_parse ] --END-- [ RunTime:0.071560s ]
INFO: [ view_filter ] --START--
INFO: Run Behavior\WriteHtmlCacheBehavior [ RunTime:0.000653s ]
INFO: [ view_filter ] --END-- [ RunTime:0.000769s ]
INFO: [ app_end ] --START--
INFO: Run Behavior\ShowPageTraceBehavior [ RunTime:0.001618s ]
INFO: [ app_end ] --END-- [ RunTime:0.002045s ]

[ 2017-05-31T16:51:00+08:00 ] ::1 /forum-system/index.php/Forum/MainPost/index.html
INFO: [ app_init ] --START--
INFO: Run Behavior\BuildLiteBehavior [ RunTime:0.000044s ]
INFO: [ app_init ] --END-- [ RunTime:0.000704s ]
INFO: [ app_begin ] --START--
INFO: Run Behavior\ReadHtmlCacheBehavior [ RunTime:0.000901s ]
INFO: [ app_begin ] --END-- [ RunTime:0.001044s ]
SQL: SHOW COLUMNS FROM `tfor_class` [ RunTime:0.0149s ]
SQL: SELECT `for_class` FROM `tfor_class`  [ RunTime:0.0004s ]
SQL: SHOW COLUMNS FROM `tfor_main` [ RunTime:0.0133s ]
SQL: SELECT COUNT(*) AS tp_count FROM `tfor_main` WHERE ( for_flag=1 ) ORDER BY `for_time` desc LIMIT 1   [ RunTime:0.0005s ]
SQL: SELECT * FROM `tfor_main` LEFT JOIN tfor_detail ON tfor_main.for_id = tfor_detail.for_id  WHERE ( for_flag=1 ) ORDER BY `for_num` desc,`for_time` LIMIT 0,20   [ RunTime:0.0014s ]
SQL: SHOW COLUMNS FROM `tfor_circular` [ RunTime:0.0123s ]
SQL: SELECT `for_num`,`for_title` FROM `tfor_circular` ORDER BY `for_time` desc LIMIT 5   [ RunTime:0.0004s ]
NOTIC: [8] Undefined index: name C:\wamp\www\forum-system\Application\Forum\Controller\MainPostController.class.php 第 26 行.
INFO: [ view_parse ] --START--
INFO: [ template_filter ] --START--
INFO: Run Behavior\ContentReplaceBehavior [ RunTime:0.000126s ]
INFO: [ template_filter ] --END-- [ RunTime:0.000245s ]
INFO: Run Behavior\ParseTemplateBehavior [ RunTime:0.099441s ]
INFO: [ view_parse ] --END-- [ RunTime:0.099586s ]
INFO: [ view_filter ] --START--
INFO: Run Behavior\WriteHtmlCacheBehavior [ RunTime:0.000926s ]
INFO: [ view_filter ] --END-- [ RunTime:0.001070s ]
INFO: [ app_end ] --START--
INFO: Run Behavior\ShowPageTraceBehavior [ RunTime:0.002136s ]
INFO: [ app_end ] --END-- [ RunTime:0.002462s ]

[ 2017-05-31T16:51:03+08:00 ] ::1 /forum-system/index.php/Forum/UserDetail/index.html
INFO: [ app_init ] --START--
INFO: Run Behavior\BuildLiteBehavior [ RunTime:0.000026s ]
INFO: [ app_init ] --END-- [ RunTime:0.000500s ]
INFO: [ app_begin ] --START--
INFO: Run Behavior\ReadHtmlCacheBehavior [ RunTime:0.002727s ]
INFO: [ app_begin ] --END-- [ RunTime:0.003536s ]
NOTIC: [2048] Declaration of Forum\Controller\UserDetailController::show() should be compatible with Think\Controller::show($content, $charset = '', $contentType = '', $prefix = '') C:\wamp\www\forum-system\Application\Forum\Controller\UserDetailController.class.php 第 7 行.

[ 2017-05-31T16:51:03+08:00 ] ::1 /forum-system/index.php/Forum/Login/login.html
INFO: [ app_init ] --START--
INFO: Run Behavior\BuildLiteBehavior [ RunTime:0.000029s ]
INFO: [ app_init ] --END-- [ RunTime:0.000526s ]
INFO: [ app_begin ] --START--
INFO: Run Behavior\ReadHtmlCacheBehavior [ RunTime:0.006062s ]
INFO: [ app_begin ] --END-- [ RunTime:0.006359s ]
INFO: [ view_parse ] --START--
INFO: [ template_filter ] --START--
INFO: Run Behavior\ContentReplaceBehavior [ RunTime:0.000186s ]
INFO: [ template_filter ] --END-- [ RunTime:0.000318s ]
INFO: Run Behavior\ParseTemplateBehavior [ RunTime:0.110748s ]
INFO: [ view_parse ] --END-- [ RunTime:0.111048s ]
INFO: [ view_filter ] --START--
INFO: Run Behavior\WriteHtmlCacheBehavior [ RunTime:0.000768s ]
INFO: [ view_filter ] --END-- [ RunTime:0.000917s ]
INFO: [ app_end ] --START--
INFO: Run Behavior\ShowPageTraceBehavior [ RunTime:0.001837s ]
INFO: [ app_end ] --END-- [ RunTime:0.002185s ]

